22:59:34 INFO  : Registering command handlers for SDK TCF services
22:59:36 INFO  : Launching XSCT server: xsct.bat -interactive C:\Xilinx\workspace\2018.3\zybo_GrabberBoard\system\system.sdk\temp_xsdb_launch_script.tcl
22:59:42 INFO  : XSCT server has started successfully.
22:59:46 INFO  : Successfully done setting XSCT server connection channel  
22:59:46 INFO  : Processing command line option -hwspec C:/Xilinx/workspace/2018.3/zybo_GrabberBoard/system/system.sdk/system_wrapper.hdf.
22:59:46 INFO  : Successfully done setting SDK workspace  
23:04:49 INFO  : Connected to target on host '127.0.0.1' and port '3121'.
23:04:50 INFO  : 'targets -set -filter {jtag_cable_name =~ "Digilent Zybo Z7 210351AB763BA" && level==0} -index 1' command is executed.
23:04:52 INFO  : FPGA configured successfully with bitstream "C:/Xilinx/workspace/2018.3/zybo_GrabberBoard/system/system.sdk/system_wrapper_hw_platform_0/system_wrapper.bit"
23:05:08 INFO  : 'targets -set -filter {jtag_cable_name =~ "Digilent Zybo Z7 210351AB763BA" && level==0} -index 1' command is executed.
23:05:08 INFO  : 'fpga -state' command is executed.
23:05:08 INFO  : Connected to target on host '127.0.0.1' and port '3121'.
23:05:08 INFO  : Jtag cable 'Digilent Zybo Z7 210351AB763BA' is selected.
23:05:08 INFO  : 'jtag frequency' command is executed.
23:05:08 INFO  : Sourcing of 'C:/Xilinx/workspace/2018.3/zybo_GrabberBoard/system/system.sdk/system_wrapper_hw_platform_0/ps7_init.tcl' is done.
23:05:08 INFO  : Context for 'APU' is selected.
23:05:08 INFO  : Hardware design information is loaded from 'C:/Xilinx/workspace/2018.3/zybo_GrabberBoard/system/system.sdk/system_wrapper_hw_platform_0/system.hdf'.
23:05:08 INFO  : 'configparams force-mem-access 1' command is executed.
23:05:08 INFO  : Context for 'APU' is selected.
23:05:08 INFO  : 'stop' command is executed.
23:05:09 INFO  : 'ps7_init' command is executed.
23:05:09 INFO  : 'ps7_post_config' command is executed.
23:05:09 INFO  : Context for processor 'ps7_cortexa9_0' is selected.
23:05:09 INFO  : Processor reset is completed for 'ps7_cortexa9_0'.
23:05:10 INFO  : Context for processor 'ps7_cortexa9_0' is selected.
23:05:10 INFO  : The application 'C:/Xilinx/workspace/2018.3/zybo_GrabberBoard/system/system.sdk/helloworld/Debug/helloworld.elf' is downloaded to processor 'ps7_cortexa9_0'.
23:05:10 INFO  : 'configparams force-mem-access 0' command is executed.
23:05:10 INFO  : ----------------XSDB Script----------------
connect -url tcp:127.0.0.1:3121
source C:/Xilinx/workspace/2018.3/zybo_GrabberBoard/system/system.sdk/system_wrapper_hw_platform_0/ps7_init.tcl
targets -set -nocase -filter {name =~"APU*" && jtag_cable_name =~ "Digilent Zybo Z7 210351AB763BA"} -index 0
loadhw -hw C:/Xilinx/workspace/2018.3/zybo_GrabberBoard/system/system.sdk/system_wrapper_hw_platform_0/system.hdf -mem-ranges [list {0x40000000 0xbfffffff}]
configparams force-mem-access 1
targets -set -nocase -filter {name =~"APU*" && jtag_cable_name =~ "Digilent Zybo Z7 210351AB763BA"} -index 0
stop
ps7_init
ps7_post_config
targets -set -nocase -filter {name =~ "ARM*#0" && jtag_cable_name =~ "Digilent Zybo Z7 210351AB763BA"} -index 0
rst -processor
targets -set -nocase -filter {name =~ "ARM*#0" && jtag_cable_name =~ "Digilent Zybo Z7 210351AB763BA"} -index 0
dow C:/Xilinx/workspace/2018.3/zybo_GrabberBoard/system/system.sdk/helloworld/Debug/helloworld.elf
configparams force-mem-access 0
----------------End of Script----------------

23:05:10 INFO  : Memory regions updated for context APU
23:05:10 INFO  : Context for processor 'ps7_cortexa9_0' is selected.
23:05:10 INFO  : 'con' command is executed.
23:05:10 INFO  : ----------------XSDB Script (After Launch)----------------
targets -set -nocase -filter {name =~ "ARM*#0" && jtag_cable_name =~ "Digilent Zybo Z7 210351AB763BA"} -index 0
con
----------------End of Script----------------

23:05:10 INFO  : Launch script is exported to file 'C:\Xilinx\workspace\2018.3\zybo_GrabberBoard\system\system.sdk\.sdk\launch_scripts\xilinx_c-c++_application_(system_debugger)\system_debugger_using_debug_helloworld.elf_on_local.tcl'
23:05:41 INFO  : Disconnected from the channel tcfchan#1.
23:05:42 INFO  : 'targets -set -filter {jtag_cable_name =~ "Digilent Zybo Z7 210351AB763BA" && level==0} -index 1' command is executed.
23:05:42 INFO  : 'fpga -state' command is executed.
23:05:42 INFO  : Connected to target on host '127.0.0.1' and port '3121'.
23:05:43 INFO  : Jtag cable 'Digilent Zybo Z7 210351AB763BA' is selected.
23:05:43 INFO  : 'jtag frequency' command is executed.
23:05:43 INFO  : Sourcing of 'C:/Xilinx/workspace/2018.3/zybo_GrabberBoard/system/system.sdk/system_wrapper_hw_platform_0/ps7_init.tcl' is done.
23:05:43 INFO  : Context for 'APU' is selected.
23:05:45 INFO  : Hardware design information is loaded from 'C:/Xilinx/workspace/2018.3/zybo_GrabberBoard/system/system.sdk/system_wrapper_hw_platform_0/system.hdf'.
23:05:45 INFO  : 'configparams force-mem-access 1' command is executed.
23:05:45 INFO  : Context for 'APU' is selected.
23:05:45 INFO  : 'stop' command is executed.
23:05:46 INFO  : 'ps7_init' command is executed.
23:05:46 INFO  : 'ps7_post_config' command is executed.
23:05:46 INFO  : Context for processor 'ps7_cortexa9_0' is selected.
23:05:46 INFO  : Processor reset is completed for 'ps7_cortexa9_0'.
23:05:46 INFO  : Context for processor 'ps7_cortexa9_0' is selected.
23:05:47 INFO  : The application 'C:/Xilinx/workspace/2018.3/zybo_GrabberBoard/system/system.sdk/memTest/Debug/memTest.elf' is downloaded to processor 'ps7_cortexa9_0'.
23:05:47 INFO  : 'configparams force-mem-access 0' command is executed.
23:05:47 INFO  : ----------------XSDB Script----------------
connect -url tcp:127.0.0.1:3121
source C:/Xilinx/workspace/2018.3/zybo_GrabberBoard/system/system.sdk/system_wrapper_hw_platform_0/ps7_init.tcl
targets -set -nocase -filter {name =~"APU*" && jtag_cable_name =~ "Digilent Zybo Z7 210351AB763BA"} -index 0
loadhw -hw C:/Xilinx/workspace/2018.3/zybo_GrabberBoard/system/system.sdk/system_wrapper_hw_platform_0/system.hdf -mem-ranges [list {0x40000000 0xbfffffff}]
configparams force-mem-access 1
targets -set -nocase -filter {name =~"APU*" && jtag_cable_name =~ "Digilent Zybo Z7 210351AB763BA"} -index 0
stop
ps7_init
ps7_post_config
targets -set -nocase -filter {name =~ "ARM*#0" && jtag_cable_name =~ "Digilent Zybo Z7 210351AB763BA"} -index 0
rst -processor
targets -set -nocase -filter {name =~ "ARM*#0" && jtag_cable_name =~ "Digilent Zybo Z7 210351AB763BA"} -index 0
dow C:/Xilinx/workspace/2018.3/zybo_GrabberBoard/system/system.sdk/memTest/Debug/memTest.elf
configparams force-mem-access 0
----------------End of Script----------------

23:05:47 INFO  : Memory regions updated for context APU
23:05:47 INFO  : Context for processor 'ps7_cortexa9_0' is selected.
23:05:47 INFO  : 'con' command is executed.
23:05:47 INFO  : ----------------XSDB Script (After Launch)----------------
targets -set -nocase -filter {name =~ "ARM*#0" && jtag_cable_name =~ "Digilent Zybo Z7 210351AB763BA"} -index 0
con
----------------End of Script----------------

23:05:47 INFO  : Launch script is exported to file 'C:\Xilinx\workspace\2018.3\zybo_GrabberBoard\system\system.sdk\.sdk\launch_scripts\xilinx_c-c++_application_(system_debugger)\system_debugger_using_debug_memtest.elf_on_local.tcl'
23:14:04 INFO  : Connected to target on host '127.0.0.1' and port '3121'.
23:14:20 INFO  : Connected to target on host '127.0.0.1' and port '3121'.
23:14:20 INFO  : 'targets -set -filter {jtag_cable_name =~ "Digilent Zybo Z7 210351AB763BA" && level==0} -index 1' command is executed.
23:14:22 INFO  : FPGA configured successfully with bitstream "C:/Xilinx/workspace/2018.3/zybo_GrabberBoard/system/system.sdk/system_wrapper_hw_platform_0/system_wrapper.bit"
23:14:28 INFO  : Disconnected from the channel tcfchan#2.
23:14:29 INFO  : 'targets -set -filter {jtag_cable_name =~ "Digilent Zybo Z7 210351AB763BA" && level==0} -index 1' command is executed.
23:14:29 INFO  : 'fpga -state' command is executed.
23:14:29 INFO  : Connected to target on host '127.0.0.1' and port '3121'.
23:14:29 INFO  : Jtag cable 'Digilent Zybo Z7 210351AB763BA' is selected.
23:14:29 INFO  : 'jtag frequency' command is executed.
23:14:29 INFO  : Sourcing of 'C:/Xilinx/workspace/2018.3/zybo_GrabberBoard/system/system.sdk/system_wrapper_hw_platform_0/ps7_init.tcl' is done.
23:14:29 INFO  : Context for 'APU' is selected.
23:14:32 INFO  : Hardware design information is loaded from 'C:/Xilinx/workspace/2018.3/zybo_GrabberBoard/system/system.sdk/system_wrapper_hw_platform_0/system.hdf'.
23:14:32 INFO  : 'configparams force-mem-access 1' command is executed.
23:14:32 INFO  : Context for 'APU' is selected.
23:14:32 INFO  : 'stop' command is executed.
23:14:33 INFO  : 'ps7_init' command is executed.
23:14:33 INFO  : 'ps7_post_config' command is executed.
23:14:33 INFO  : Context for processor 'ps7_cortexa9_0' is selected.
23:14:33 INFO  : Processor reset is completed for 'ps7_cortexa9_0'.
23:14:33 INFO  : Context for processor 'ps7_cortexa9_0' is selected.
23:14:33 INFO  : The application 'C:/Xilinx/workspace/2018.3/zybo_GrabberBoard/system/system.sdk/ddr_test/Debug/ddr_test.elf' is downloaded to processor 'ps7_cortexa9_0'.
23:14:34 INFO  : 'configparams force-mem-access 0' command is executed.
23:14:34 INFO  : ----------------XSDB Script----------------
connect -url tcp:127.0.0.1:3121
source C:/Xilinx/workspace/2018.3/zybo_GrabberBoard/system/system.sdk/system_wrapper_hw_platform_0/ps7_init.tcl
targets -set -nocase -filter {name =~"APU*" && jtag_cable_name =~ "Digilent Zybo Z7 210351AB763BA"} -index 0
loadhw -hw C:/Xilinx/workspace/2018.3/zybo_GrabberBoard/system/system.sdk/system_wrapper_hw_platform_0/system.hdf -mem-ranges [list {0x40000000 0xbfffffff}]
configparams force-mem-access 1
targets -set -nocase -filter {name =~"APU*" && jtag_cable_name =~ "Digilent Zybo Z7 210351AB763BA"} -index 0
stop
ps7_init
ps7_post_config
targets -set -nocase -filter {name =~ "ARM*#0" && jtag_cable_name =~ "Digilent Zybo Z7 210351AB763BA"} -index 0
rst -processor
targets -set -nocase -filter {name =~ "ARM*#0" && jtag_cable_name =~ "Digilent Zybo Z7 210351AB763BA"} -index 0
dow C:/Xilinx/workspace/2018.3/zybo_GrabberBoard/system/system.sdk/ddr_test/Debug/ddr_test.elf
configparams force-mem-access 0
----------------End of Script----------------

23:14:34 INFO  : Memory regions updated for context APU
23:14:34 INFO  : Context for processor 'ps7_cortexa9_0' is selected.
23:14:34 INFO  : 'con' command is executed.
23:14:34 INFO  : ----------------XSDB Script (After Launch)----------------
targets -set -nocase -filter {name =~ "ARM*#0" && jtag_cable_name =~ "Digilent Zybo Z7 210351AB763BA"} -index 0
con
----------------End of Script----------------

23:14:34 INFO  : Launch script is exported to file 'C:\Xilinx\workspace\2018.3\zybo_GrabberBoard\system\system.sdk\.sdk\launch_scripts\xilinx_c-c++_application_(system_debugger)\system_debugger_using_debug_ddr_test.elf_on_local.tcl'
23:16:46 INFO  : Disconnected from the channel tcfchan#3.
13:06:45 INFO  : Registering command handlers for SDK TCF services
13:06:46 INFO  : Launching XSCT server: xsct.bat -interactive C:\Xilinx\workspace\2018.3\zybo_GrabberBoard\system\system.sdk\temp_xsdb_launch_script.tcl
13:06:50 INFO  : XSCT server has started successfully.
13:06:53 INFO  : Successfully done setting XSCT server connection channel  
13:06:53 INFO  : Processing command line option -hwspec C:/Xilinx/workspace/2018.3/zybo_GrabberBoard/system/system.sdk/system_wrapper.hdf.
13:06:53 INFO  : Successfully done setting SDK workspace  
13:06:53 INFO  : Checking for hwspec changes in the project system_wrapper_hw_platform_0.
13:06:58 INFO  : SDK has detected change in the last modified timestamps for source hardware specification file Source:1556336043278,  Project:1556284980000
13:06:58 INFO  : The hardware specification for project 'system_wrapper_hw_platform_0' is different from C:/Xilinx/workspace/2018.3/zybo_GrabberBoard/system/system.sdk/system_wrapper.hdf.
13:06:59 INFO  : Copied contents of C:/Xilinx/workspace/2018.3/zybo_GrabberBoard/system/system.sdk/system_wrapper.hdf into \system_wrapper_hw_platform_0\system.hdf.
13:07:11 INFO  : Synchronizing projects in the workspace with the hardware platform specification changes.
13:07:16 INFO  : 
13:07:17 INFO  : Updating hardware inferred compiler options for ddr_test.
13:07:18 INFO  : Updating hardware inferred compiler options for fsbl.
13:07:19 INFO  : Updating hardware inferred compiler options for helloworld.
13:07:19 INFO  : Updating hardware inferred compiler options for memTest.
13:07:19 INFO  : Clearing existing target manager status.
13:14:08 INFO  : 'targets -set -filter {jtag_cable_name =~ "Digilent Zybo Z7 210351AB763BA" && level==0} -index 1' command is executed.
13:14:09 INFO  : 'fpga -state' command is executed.
13:14:13 INFO  : Memory regions updated for context APU
13:14:17 INFO  : Connected to target on host '127.0.0.1' and port '3121'.
13:14:17 INFO  : 'targets -set -filter {jtag_cable_name =~ "Digilent Zybo Z7 210351AB763BA" && level==0} -index 1' command is executed.
13:14:19 INFO  : FPGA configured successfully with bitstream "C:/Xilinx/workspace/2018.3/zybo_GrabberBoard/system/system.sdk/system_wrapper_hw_platform_0/system_wrapper.bit"
13:14:24 INFO  : 'targets -set -filter {jtag_cable_name =~ "Digilent Zybo Z7 210351AB763BA" && level==0} -index 1' command is executed.
13:14:25 INFO  : 'fpga -state' command is executed.
13:14:25 INFO  : Connected to target on host '127.0.0.1' and port '3121'.
13:14:25 INFO  : Jtag cable 'Digilent Zybo Z7 210351AB763BA' is selected.
13:14:25 INFO  : 'jtag frequency' command is executed.
13:14:25 INFO  : Sourcing of 'C:/Xilinx/workspace/2018.3/zybo_GrabberBoard/system/system.sdk/system_wrapper_hw_platform_0/ps7_init.tcl' is done.
13:14:25 INFO  : Context for 'APU' is selected.
13:14:25 INFO  : Hardware design information is loaded from 'C:/Xilinx/workspace/2018.3/zybo_GrabberBoard/system/system.sdk/system_wrapper_hw_platform_0/system.hdf'.
13:14:25 INFO  : 'configparams force-mem-access 1' command is executed.
13:14:25 INFO  : Context for 'APU' is selected.
13:14:26 INFO  : 'stop' command is executed.
13:14:26 INFO  : 'ps7_init' command is executed.
13:14:27 INFO  : 'ps7_post_config' command is executed.
13:14:27 INFO  : Context for processor 'ps7_cortexa9_0' is selected.
13:14:27 INFO  : Processor reset is completed for 'ps7_cortexa9_0'.
13:14:27 INFO  : Context for processor 'ps7_cortexa9_0' is selected.
13:14:27 INFO  : The application 'C:/Xilinx/workspace/2018.3/zybo_GrabberBoard/system/system.sdk/vdma/Debug/vdma.elf' is downloaded to processor 'ps7_cortexa9_0'.
13:14:27 INFO  : 'configparams force-mem-access 0' command is executed.
13:14:27 INFO  : ----------------XSDB Script----------------
connect -url tcp:127.0.0.1:3121
source C:/Xilinx/workspace/2018.3/zybo_GrabberBoard/system/system.sdk/system_wrapper_hw_platform_0/ps7_init.tcl
targets -set -nocase -filter {name =~"APU*" && jtag_cable_name =~ "Digilent Zybo Z7 210351AB763BA"} -index 0
loadhw -hw C:/Xilinx/workspace/2018.3/zybo_GrabberBoard/system/system.sdk/system_wrapper_hw_platform_0/system.hdf -mem-ranges [list {0x40000000 0xbfffffff}]
configparams force-mem-access 1
targets -set -nocase -filter {name =~"APU*" && jtag_cable_name =~ "Digilent Zybo Z7 210351AB763BA"} -index 0
stop
ps7_init
ps7_post_config
targets -set -nocase -filter {name =~ "ARM*#0" && jtag_cable_name =~ "Digilent Zybo Z7 210351AB763BA"} -index 0
rst -processor
targets -set -nocase -filter {name =~ "ARM*#0" && jtag_cable_name =~ "Digilent Zybo Z7 210351AB763BA"} -index 0
dow C:/Xilinx/workspace/2018.3/zybo_GrabberBoard/system/system.sdk/vdma/Debug/vdma.elf
configparams force-mem-access 0
----------------End of Script----------------

13:14:27 INFO  : Memory regions updated for context APU
13:14:28 INFO  : Context for processor 'ps7_cortexa9_0' is selected.
13:14:28 INFO  : 'con' command is executed.
13:14:28 INFO  : ----------------XSDB Script (After Launch)----------------
targets -set -nocase -filter {name =~ "ARM*#0" && jtag_cable_name =~ "Digilent Zybo Z7 210351AB763BA"} -index 0
con
----------------End of Script----------------

13:14:28 INFO  : Launch script is exported to file 'C:\Xilinx\workspace\2018.3\zybo_GrabberBoard\system\system.sdk\.sdk\launch_scripts\xilinx_c-c++_application_(system_debugger)\system_debugger_using_debug_vdma.elf_on_local.tcl'
13:21:43 INFO  : Connected to target on host '127.0.0.1' and port '3121'.
13:21:43 INFO  : 'targets -set -filter {jtag_cable_name =~ "Digilent Zybo Z7 210351AB763BA" && level==0} -index 1' command is executed.
13:21:44 INFO  : FPGA configured successfully with bitstream "C:/Xilinx/workspace/2018.3/zybo_GrabberBoard/system/system.sdk/system_wrapper_hw_platform_0/system_wrapper.bit"
13:21:53 INFO  : Disconnected from the channel tcfchan#1.
13:21:54 INFO  : 'targets -set -filter {jtag_cable_name =~ "Digilent Zybo Z7 210351AB763BA" && level==0} -index 1' command is executed.
13:21:54 INFO  : 'fpga -state' command is executed.
13:21:54 INFO  : Connected to target on host '127.0.0.1' and port '3121'.
13:21:54 INFO  : Jtag cable 'Digilent Zybo Z7 210351AB763BA' is selected.
13:21:54 INFO  : 'jtag frequency' command is executed.
13:21:54 INFO  : Sourcing of 'C:/Xilinx/workspace/2018.3/zybo_GrabberBoard/system/system.sdk/system_wrapper_hw_platform_0/ps7_init.tcl' is done.
13:21:54 INFO  : Context for 'APU' is selected.
13:21:59 INFO  : Hardware design information is loaded from 'C:/Xilinx/workspace/2018.3/zybo_GrabberBoard/system/system.sdk/system_wrapper_hw_platform_0/system.hdf'.
13:21:59 INFO  : 'configparams force-mem-access 1' command is executed.
13:21:59 INFO  : Context for 'APU' is selected.
13:21:59 INFO  : 'stop' command is executed.
13:22:00 INFO  : 'ps7_init' command is executed.
13:22:00 INFO  : 'ps7_post_config' command is executed.
13:22:00 INFO  : Context for processor 'ps7_cortexa9_0' is selected.
13:22:00 INFO  : Processor reset is completed for 'ps7_cortexa9_0'.
13:22:00 INFO  : Context for processor 'ps7_cortexa9_0' is selected.
13:22:01 INFO  : The application 'C:/Xilinx/workspace/2018.3/zybo_GrabberBoard/system/system.sdk/vdma/Debug/vdma.elf' is downloaded to processor 'ps7_cortexa9_0'.
13:22:01 INFO  : 'configparams force-mem-access 0' command is executed.
13:22:01 INFO  : ----------------XSDB Script----------------
connect -url tcp:127.0.0.1:3121
source C:/Xilinx/workspace/2018.3/zybo_GrabberBoard/system/system.sdk/system_wrapper_hw_platform_0/ps7_init.tcl
targets -set -nocase -filter {name =~"APU*" && jtag_cable_name =~ "Digilent Zybo Z7 210351AB763BA"} -index 0
loadhw -hw C:/Xilinx/workspace/2018.3/zybo_GrabberBoard/system/system.sdk/system_wrapper_hw_platform_0/system.hdf -mem-ranges [list {0x40000000 0xbfffffff}]
configparams force-mem-access 1
targets -set -nocase -filter {name =~"APU*" && jtag_cable_name =~ "Digilent Zybo Z7 210351AB763BA"} -index 0
stop
ps7_init
ps7_post_config
targets -set -nocase -filter {name =~ "ARM*#0" && jtag_cable_name =~ "Digilent Zybo Z7 210351AB763BA"} -index 0
rst -processor
targets -set -nocase -filter {name =~ "ARM*#0" && jtag_cable_name =~ "Digilent Zybo Z7 210351AB763BA"} -index 0
dow C:/Xilinx/workspace/2018.3/zybo_GrabberBoard/system/system.sdk/vdma/Debug/vdma.elf
configparams force-mem-access 0
----------------End of Script----------------

13:22:01 INFO  : Memory regions updated for context APU
13:22:01 INFO  : Context for processor 'ps7_cortexa9_0' is selected.
13:22:01 INFO  : 'con' command is executed.
13:22:01 INFO  : ----------------XSDB Script (After Launch)----------------
targets -set -nocase -filter {name =~ "ARM*#0" && jtag_cable_name =~ "Digilent Zybo Z7 210351AB763BA"} -index 0
con
----------------End of Script----------------

13:22:01 INFO  : Launch script is exported to file 'C:\Xilinx\workspace\2018.3\zybo_GrabberBoard\system\system.sdk\.sdk\launch_scripts\xilinx_c-c++_application_(system_debugger)\system_debugger_using_debug_vdma.elf_on_local.tcl'
13:27:05 INFO  : Disconnected from the channel tcfchan#2.
13:51:34 INFO  : Registering command handlers for SDK TCF services
13:51:35 INFO  : Launching XSCT server: xsct.bat -interactive C:\Xilinx\workspace\2018.3\zybo_GrabberBoard\system\system.sdk\temp_xsdb_launch_script.tcl
13:51:40 INFO  : XSCT server has started successfully.
13:51:43 INFO  : Successfully done setting XSCT server connection channel  
13:51:43 INFO  : Processing command line option -hwspec C:/Xilinx/workspace/2018.3/zybo_GrabberBoard/system/system.sdk/system_wrapper.hdf.
13:51:43 INFO  : Successfully done setting SDK workspace  
13:51:43 INFO  : Checking for hwspec changes in the project system_wrapper_hw_platform_0.
13:51:51 INFO  : SDK has detected change in the last modified timestamps for source hardware specification file Source:1556340379946,  Project:1556336043278
13:51:51 INFO  : The hardware specification for project 'system_wrapper_hw_platform_0' is different from C:/Xilinx/workspace/2018.3/zybo_GrabberBoard/system/system.sdk/system_wrapper.hdf.
13:51:51 INFO  : Copied contents of C:/Xilinx/workspace/2018.3/zybo_GrabberBoard/system/system.sdk/system_wrapper.hdf into \system_wrapper_hw_platform_0\system.hdf.
13:52:05 INFO  : Synchronizing projects in the workspace with the hardware platform specification changes.
13:52:11 INFO  : 
13:52:11 INFO  : Updating hardware inferred compiler options for ddr_test.
13:52:12 INFO  : Updating hardware inferred compiler options for fsbl.
13:52:13 INFO  : Updating hardware inferred compiler options for helloworld.
13:52:14 INFO  : Updating hardware inferred compiler options for memTest.
13:52:14 INFO  : Updating hardware inferred compiler options for vdma.
13:52:14 INFO  : Clearing existing target manager status.
13:52:45 INFO  : Connected to target on host '127.0.0.1' and port '3121'.
13:52:46 INFO  : 'targets -set -filter {jtag_cable_name =~ "Digilent Zybo Z7 210351AB763BA" && level==0} -index 1' command is executed.
13:52:47 INFO  : FPGA configured successfully with bitstream "C:/Xilinx/workspace/2018.3/zybo_GrabberBoard/system/system.sdk/system_wrapper_hw_platform_0/system_wrapper.bit"
13:52:55 INFO  : 'targets -set -filter {jtag_cable_name =~ "Digilent Zybo Z7 210351AB763BA" && level==0} -index 1' command is executed.
13:52:55 INFO  : 'fpga -state' command is executed.
13:52:55 INFO  : Connected to target on host '127.0.0.1' and port '3121'.
13:52:56 INFO  : Jtag cable 'Digilent Zybo Z7 210351AB763BA' is selected.
13:52:56 INFO  : 'jtag frequency' command is executed.
13:52:56 INFO  : Sourcing of 'C:/Xilinx/workspace/2018.3/zybo_GrabberBoard/system/system.sdk/system_wrapper_hw_platform_0/ps7_init.tcl' is done.
13:52:56 INFO  : Context for 'APU' is selected.
13:52:56 INFO  : Hardware design information is loaded from 'C:/Xilinx/workspace/2018.3/zybo_GrabberBoard/system/system.sdk/system_wrapper_hw_platform_0/system.hdf'.
13:52:56 INFO  : 'configparams force-mem-access 1' command is executed.
13:52:56 INFO  : Context for 'APU' is selected.
13:52:57 INFO  : 'stop' command is executed.
13:52:58 INFO  : 'ps7_init' command is executed.
13:52:58 INFO  : 'ps7_post_config' command is executed.
13:52:58 INFO  : Context for processor 'ps7_cortexa9_0' is selected.
13:52:58 INFO  : Processor reset is completed for 'ps7_cortexa9_0'.
13:52:58 INFO  : Context for processor 'ps7_cortexa9_0' is selected.
13:52:58 INFO  : The application 'C:/Xilinx/workspace/2018.3/zybo_GrabberBoard/system/system.sdk/vdma/Debug/vdma.elf' is downloaded to processor 'ps7_cortexa9_0'.
13:52:58 INFO  : 'configparams force-mem-access 0' command is executed.
13:52:58 INFO  : ----------------XSDB Script----------------
connect -url tcp:127.0.0.1:3121
source C:/Xilinx/workspace/2018.3/zybo_GrabberBoard/system/system.sdk/system_wrapper_hw_platform_0/ps7_init.tcl
targets -set -nocase -filter {name =~"APU*" && jtag_cable_name =~ "Digilent Zybo Z7 210351AB763BA"} -index 0
loadhw -hw C:/Xilinx/workspace/2018.3/zybo_GrabberBoard/system/system.sdk/system_wrapper_hw_platform_0/system.hdf -mem-ranges [list {0x40000000 0xbfffffff}]
configparams force-mem-access 1
targets -set -nocase -filter {name =~"APU*" && jtag_cable_name =~ "Digilent Zybo Z7 210351AB763BA"} -index 0
stop
ps7_init
ps7_post_config
targets -set -nocase -filter {name =~ "ARM*#0" && jtag_cable_name =~ "Digilent Zybo Z7 210351AB763BA"} -index 0
rst -processor
targets -set -nocase -filter {name =~ "ARM*#0" && jtag_cable_name =~ "Digilent Zybo Z7 210351AB763BA"} -index 0
dow C:/Xilinx/workspace/2018.3/zybo_GrabberBoard/system/system.sdk/vdma/Debug/vdma.elf
configparams force-mem-access 0
----------------End of Script----------------

13:52:58 INFO  : Memory regions updated for context APU
13:52:59 INFO  : Context for processor 'ps7_cortexa9_0' is selected.
13:52:59 INFO  : 'con' command is executed.
13:52:59 INFO  : ----------------XSDB Script (After Launch)----------------
targets -set -nocase -filter {name =~ "ARM*#0" && jtag_cable_name =~ "Digilent Zybo Z7 210351AB763BA"} -index 0
con
----------------End of Script----------------

13:52:59 INFO  : Launch script is exported to file 'C:\Xilinx\workspace\2018.3\zybo_GrabberBoard\system\system.sdk\.sdk\launch_scripts\xilinx_c-c++_application_(system_debugger)\system_debugger_using_debug_vdma.elf_on_local.tcl'
13:54:28 INFO  : Disconnected from the channel tcfchan#1.
13:54:29 INFO  : 'targets -set -filter {jtag_cable_name =~ "Digilent Zybo Z7 210351AB763BA" && level==0} -index 1' command is executed.
13:54:29 INFO  : 'fpga -state' command is executed.
13:54:29 INFO  : Connected to target on host '127.0.0.1' and port '3121'.
13:54:30 INFO  : Jtag cable 'Digilent Zybo Z7 210351AB763BA' is selected.
13:54:30 INFO  : 'jtag frequency' command is executed.
13:54:30 INFO  : Sourcing of 'C:/Xilinx/workspace/2018.3/zybo_GrabberBoard/system/system.sdk/system_wrapper_hw_platform_0/ps7_init.tcl' is done.
13:54:30 INFO  : Context for 'APU' is selected.
13:54:36 INFO  : Hardware design information is loaded from 'C:/Xilinx/workspace/2018.3/zybo_GrabberBoard/system/system.sdk/system_wrapper_hw_platform_0/system.hdf'.
13:54:36 INFO  : 'configparams force-mem-access 1' command is executed.
13:54:36 INFO  : Context for 'APU' is selected.
13:54:36 INFO  : 'stop' command is executed.
13:54:37 INFO  : 'ps7_init' command is executed.
13:54:37 INFO  : 'ps7_post_config' command is executed.
13:54:37 INFO  : Context for processor 'ps7_cortexa9_0' is selected.
13:54:37 INFO  : Processor reset is completed for 'ps7_cortexa9_0'.
13:54:37 INFO  : Context for processor 'ps7_cortexa9_0' is selected.
13:54:37 INFO  : The application 'C:/Xilinx/workspace/2018.3/zybo_GrabberBoard/system/system.sdk/vdma/Debug/vdma.elf' is downloaded to processor 'ps7_cortexa9_0'.
13:54:37 INFO  : 'configparams force-mem-access 0' command is executed.
13:54:37 INFO  : ----------------XSDB Script----------------
connect -url tcp:127.0.0.1:3121
source C:/Xilinx/workspace/2018.3/zybo_GrabberBoard/system/system.sdk/system_wrapper_hw_platform_0/ps7_init.tcl
targets -set -nocase -filter {name =~"APU*" && jtag_cable_name =~ "Digilent Zybo Z7 210351AB763BA"} -index 0
loadhw -hw C:/Xilinx/workspace/2018.3/zybo_GrabberBoard/system/system.sdk/system_wrapper_hw_platform_0/system.hdf -mem-ranges [list {0x40000000 0xbfffffff}]
configparams force-mem-access 1
targets -set -nocase -filter {name =~"APU*" && jtag_cable_name =~ "Digilent Zybo Z7 210351AB763BA"} -index 0
stop
ps7_init
ps7_post_config
targets -set -nocase -filter {name =~ "ARM*#0" && jtag_cable_name =~ "Digilent Zybo Z7 210351AB763BA"} -index 0
rst -processor
targets -set -nocase -filter {name =~ "ARM*#0" && jtag_cable_name =~ "Digilent Zybo Z7 210351AB763BA"} -index 0
dow C:/Xilinx/workspace/2018.3/zybo_GrabberBoard/system/system.sdk/vdma/Debug/vdma.elf
configparams force-mem-access 0
----------------End of Script----------------

13:54:37 INFO  : Memory regions updated for context APU
13:54:38 INFO  : Context for processor 'ps7_cortexa9_0' is selected.
13:54:38 INFO  : 'con' command is executed.
13:54:38 INFO  : ----------------XSDB Script (After Launch)----------------
targets -set -nocase -filter {name =~ "ARM*#0" && jtag_cable_name =~ "Digilent Zybo Z7 210351AB763BA"} -index 0
con
----------------End of Script----------------

13:54:38 INFO  : Launch script is exported to file 'C:\Xilinx\workspace\2018.3\zybo_GrabberBoard\system\system.sdk\.sdk\launch_scripts\xilinx_c-c++_application_(system_debugger)\system_debugger_using_debug_vdma.elf_on_local.tcl'
13:54:50 INFO  : Connected to target on host '127.0.0.1' and port '3121'.
13:54:50 INFO  : 'targets -set -filter {jtag_cable_name =~ "Digilent Zybo Z7 210351AB763BA" && level==0} -index 1' command is executed.
13:54:52 INFO  : FPGA configured successfully with bitstream "C:/Xilinx/workspace/2018.3/zybo_GrabberBoard/system/system.sdk/system_wrapper_hw_platform_0/system_wrapper.bit"
13:55:03 INFO  : Disconnected from the channel tcfchan#2.
13:55:04 INFO  : 'targets -set -filter {jtag_cable_name =~ "Digilent Zybo Z7 210351AB763BA" && level==0} -index 1' command is executed.
13:55:04 INFO  : 'fpga -state' command is executed.
13:55:04 INFO  : Connected to target on host '127.0.0.1' and port '3121'.
13:55:05 INFO  : Jtag cable 'Digilent Zybo Z7 210351AB763BA' is selected.
13:55:05 INFO  : 'jtag frequency' command is executed.
13:55:05 INFO  : Sourcing of 'C:/Xilinx/workspace/2018.3/zybo_GrabberBoard/system/system.sdk/system_wrapper_hw_platform_0/ps7_init.tcl' is done.
13:55:05 INFO  : Context for 'APU' is selected.
13:55:05 INFO  : Hardware design information is loaded from 'C:/Xilinx/workspace/2018.3/zybo_GrabberBoard/system/system.sdk/system_wrapper_hw_platform_0/system.hdf'.
13:55:05 INFO  : 'configparams force-mem-access 1' command is executed.
13:55:05 INFO  : Context for 'APU' is selected.
13:55:05 INFO  : 'stop' command is executed.
13:55:06 INFO  : 'ps7_init' command is executed.
13:55:06 INFO  : 'ps7_post_config' command is executed.
13:55:06 INFO  : Context for processor 'ps7_cortexa9_0' is selected.
13:55:06 INFO  : Processor reset is completed for 'ps7_cortexa9_0'.
13:55:06 INFO  : Context for processor 'ps7_cortexa9_0' is selected.
13:55:07 INFO  : The application 'C:/Xilinx/workspace/2018.3/zybo_GrabberBoard/system/system.sdk/vdma/Debug/vdma.elf' is downloaded to processor 'ps7_cortexa9_0'.
13:55:07 INFO  : 'configparams force-mem-access 0' command is executed.
13:55:07 INFO  : ----------------XSDB Script----------------
connect -url tcp:127.0.0.1:3121
source C:/Xilinx/workspace/2018.3/zybo_GrabberBoard/system/system.sdk/system_wrapper_hw_platform_0/ps7_init.tcl
targets -set -nocase -filter {name =~"APU*" && jtag_cable_name =~ "Digilent Zybo Z7 210351AB763BA"} -index 0
loadhw -hw C:/Xilinx/workspace/2018.3/zybo_GrabberBoard/system/system.sdk/system_wrapper_hw_platform_0/system.hdf -mem-ranges [list {0x40000000 0xbfffffff}]
configparams force-mem-access 1
targets -set -nocase -filter {name =~"APU*" && jtag_cable_name =~ "Digilent Zybo Z7 210351AB763BA"} -index 0
stop
ps7_init
ps7_post_config
targets -set -nocase -filter {name =~ "ARM*#0" && jtag_cable_name =~ "Digilent Zybo Z7 210351AB763BA"} -index 0
rst -processor
targets -set -nocase -filter {name =~ "ARM*#0" && jtag_cable_name =~ "Digilent Zybo Z7 210351AB763BA"} -index 0
dow C:/Xilinx/workspace/2018.3/zybo_GrabberBoard/system/system.sdk/vdma/Debug/vdma.elf
configparams force-mem-access 0
----------------End of Script----------------

13:55:07 INFO  : Memory regions updated for context APU
13:55:07 INFO  : Context for processor 'ps7_cortexa9_0' is selected.
13:55:07 INFO  : 'con' command is executed.
13:55:07 INFO  : ----------------XSDB Script (After Launch)----------------
targets -set -nocase -filter {name =~ "ARM*#0" && jtag_cable_name =~ "Digilent Zybo Z7 210351AB763BA"} -index 0
con
----------------End of Script----------------

13:55:07 INFO  : Launch script is exported to file 'C:\Xilinx\workspace\2018.3\zybo_GrabberBoard\system\system.sdk\.sdk\launch_scripts\xilinx_c-c++_application_(system_debugger)\system_debugger_using_debug_vdma.elf_on_local.tcl'
14:15:19 INFO  : Connected to target on host '127.0.0.1' and port '3121'.
14:15:19 INFO  : 'targets -set -filter {jtag_cable_name =~ "Digilent Zybo Z7 210351AB763BA" && level==0} -index 1' command is executed.
14:15:20 INFO  : FPGA configured successfully with bitstream "C:/Xilinx/workspace/2018.3/zybo_GrabberBoard/system/system.sdk/system_wrapper_hw_platform_0/system_wrapper.bit"
14:15:26 INFO  : Disconnected from the channel tcfchan#3.
14:15:27 INFO  : 'targets -set -filter {jtag_cable_name =~ "Digilent Zybo Z7 210351AB763BA" && level==0} -index 1' command is executed.
14:15:27 INFO  : 'fpga -state' command is executed.
14:15:27 INFO  : Connected to target on host '127.0.0.1' and port '3121'.
14:15:27 INFO  : Jtag cable 'Digilent Zybo Z7 210351AB763BA' is selected.
14:15:27 INFO  : 'jtag frequency' command is executed.
14:15:27 INFO  : Sourcing of 'C:/Xilinx/workspace/2018.3/zybo_GrabberBoard/system/system.sdk/system_wrapper_hw_platform_0/ps7_init.tcl' is done.
14:15:27 INFO  : Context for 'APU' is selected.
14:15:27 INFO  : Hardware design information is loaded from 'C:/Xilinx/workspace/2018.3/zybo_GrabberBoard/system/system.sdk/system_wrapper_hw_platform_0/system.hdf'.
14:15:28 INFO  : 'configparams force-mem-access 1' command is executed.
14:15:28 INFO  : Context for 'APU' is selected.
14:15:28 INFO  : 'stop' command is executed.
14:15:29 INFO  : 'ps7_init' command is executed.
14:15:29 INFO  : 'ps7_post_config' command is executed.
14:15:29 INFO  : Context for processor 'ps7_cortexa9_0' is selected.
14:15:29 INFO  : Processor reset is completed for 'ps7_cortexa9_0'.
14:15:29 INFO  : Context for processor 'ps7_cortexa9_0' is selected.
14:15:30 INFO  : The application 'C:/Xilinx/workspace/2018.3/zybo_GrabberBoard/system/system.sdk/vdma/Debug/vdma.elf' is downloaded to processor 'ps7_cortexa9_0'.
14:15:30 INFO  : 'configparams force-mem-access 0' command is executed.
14:15:30 INFO  : ----------------XSDB Script----------------
connect -url tcp:127.0.0.1:3121
source C:/Xilinx/workspace/2018.3/zybo_GrabberBoard/system/system.sdk/system_wrapper_hw_platform_0/ps7_init.tcl
targets -set -nocase -filter {name =~"APU*" && jtag_cable_name =~ "Digilent Zybo Z7 210351AB763BA"} -index 0
loadhw -hw C:/Xilinx/workspace/2018.3/zybo_GrabberBoard/system/system.sdk/system_wrapper_hw_platform_0/system.hdf -mem-ranges [list {0x40000000 0xbfffffff}]
configparams force-mem-access 1
targets -set -nocase -filter {name =~"APU*" && jtag_cable_name =~ "Digilent Zybo Z7 210351AB763BA"} -index 0
stop
ps7_init
ps7_post_config
targets -set -nocase -filter {name =~ "ARM*#0" && jtag_cable_name =~ "Digilent Zybo Z7 210351AB763BA"} -index 0
rst -processor
targets -set -nocase -filter {name =~ "ARM*#0" && jtag_cable_name =~ "Digilent Zybo Z7 210351AB763BA"} -index 0
dow C:/Xilinx/workspace/2018.3/zybo_GrabberBoard/system/system.sdk/vdma/Debug/vdma.elf
configparams force-mem-access 0
----------------End of Script----------------

14:15:30 INFO  : Memory regions updated for context APU
14:15:30 INFO  : Context for processor 'ps7_cortexa9_0' is selected.
14:15:30 INFO  : 'con' command is executed.
14:15:30 INFO  : ----------------XSDB Script (After Launch)----------------
targets -set -nocase -filter {name =~ "ARM*#0" && jtag_cable_name =~ "Digilent Zybo Z7 210351AB763BA"} -index 0
con
----------------End of Script----------------

14:15:30 INFO  : Launch script is exported to file 'C:\Xilinx\workspace\2018.3\zybo_GrabberBoard\system\system.sdk\.sdk\launch_scripts\xilinx_c-c++_application_(system_debugger)\system_debugger_using_debug_vdma.elf_on_local.tcl'
14:16:14 INFO  : Connected to target on host '127.0.0.1' and port '3121'.
14:16:14 INFO  : 'targets -set -filter {jtag_cable_name =~ "Digilent Zybo Z7 210351AB763BA" && level==0} -index 1' command is executed.
14:16:15 INFO  : FPGA configured successfully with bitstream "C:/Xilinx/workspace/2018.3/zybo_GrabberBoard/system/system.sdk/system_wrapper_hw_platform_0/system_wrapper.bit"
14:16:23 INFO  : Disconnected from the channel tcfchan#4.
14:16:25 INFO  : 'targets -set -filter {jtag_cable_name =~ "Digilent Zybo Z7 210351AB763BA" && level==0} -index 1' command is executed.
14:16:25 INFO  : 'fpga -state' command is executed.
14:16:25 INFO  : Connected to target on host '127.0.0.1' and port '3121'.
14:16:25 INFO  : Jtag cable 'Digilent Zybo Z7 210351AB763BA' is selected.
14:16:25 INFO  : 'jtag frequency' command is executed.
14:16:25 INFO  : Sourcing of 'C:/Xilinx/workspace/2018.3/zybo_GrabberBoard/system/system.sdk/system_wrapper_hw_platform_0/ps7_init.tcl' is done.
14:16:25 INFO  : Context for 'APU' is selected.
14:16:25 INFO  : Hardware design information is loaded from 'C:/Xilinx/workspace/2018.3/zybo_GrabberBoard/system/system.sdk/system_wrapper_hw_platform_0/system.hdf'.
14:16:25 INFO  : 'configparams force-mem-access 1' command is executed.
14:16:25 INFO  : Context for 'APU' is selected.
14:16:25 INFO  : 'stop' command is executed.
14:16:26 INFO  : 'ps7_init' command is executed.
14:16:26 INFO  : 'ps7_post_config' command is executed.
14:16:27 INFO  : Context for processor 'ps7_cortexa9_0' is selected.
14:16:27 INFO  : Processor reset is completed for 'ps7_cortexa9_0'.
14:16:27 INFO  : Context for processor 'ps7_cortexa9_0' is selected.
14:16:27 INFO  : The application 'C:/Xilinx/workspace/2018.3/zybo_GrabberBoard/system/system.sdk/vdma/Debug/vdma.elf' is downloaded to processor 'ps7_cortexa9_0'.
14:16:27 INFO  : 'configparams force-mem-access 0' command is executed.
14:16:27 INFO  : ----------------XSDB Script----------------
connect -url tcp:127.0.0.1:3121
source C:/Xilinx/workspace/2018.3/zybo_GrabberBoard/system/system.sdk/system_wrapper_hw_platform_0/ps7_init.tcl
targets -set -nocase -filter {name =~"APU*" && jtag_cable_name =~ "Digilent Zybo Z7 210351AB763BA"} -index 0
loadhw -hw C:/Xilinx/workspace/2018.3/zybo_GrabberBoard/system/system.sdk/system_wrapper_hw_platform_0/system.hdf -mem-ranges [list {0x40000000 0xbfffffff}]
configparams force-mem-access 1
targets -set -nocase -filter {name =~"APU*" && jtag_cable_name =~ "Digilent Zybo Z7 210351AB763BA"} -index 0
stop
ps7_init
ps7_post_config
targets -set -nocase -filter {name =~ "ARM*#0" && jtag_cable_name =~ "Digilent Zybo Z7 210351AB763BA"} -index 0
rst -processor
targets -set -nocase -filter {name =~ "ARM*#0" && jtag_cable_name =~ "Digilent Zybo Z7 210351AB763BA"} -index 0
dow C:/Xilinx/workspace/2018.3/zybo_GrabberBoard/system/system.sdk/vdma/Debug/vdma.elf
configparams force-mem-access 0
----------------End of Script----------------

14:16:27 INFO  : Memory regions updated for context APU
14:16:27 INFO  : Context for processor 'ps7_cortexa9_0' is selected.
14:16:27 INFO  : 'con' command is executed.
14:16:27 INFO  : ----------------XSDB Script (After Launch)----------------
targets -set -nocase -filter {name =~ "ARM*#0" && jtag_cable_name =~ "Digilent Zybo Z7 210351AB763BA"} -index 0
con
----------------End of Script----------------

14:16:27 INFO  : Launch script is exported to file 'C:\Xilinx\workspace\2018.3\zybo_GrabberBoard\system\system.sdk\.sdk\launch_scripts\xilinx_c-c++_application_(system_debugger)\system_debugger_using_debug_vdma.elf_on_local.tcl'
14:16:59 INFO  : Disconnected from the channel tcfchan#5.
