#-----------------------------------------------------------
# Webtalk v2018.3 (64-bit)
# SW Build 2405991 on Thu Dec  6 23:38:27 MST 2018
# 
# Start of session at: Sat May  4 11:31:00 2019
# Process ID: 3732
# Current directory: C:/Xilinx/workspace/2018.3/zybo_HDMI_IN_OUT/system/system.sdk/webtalk
# Command line: wbtcv.exe -mode batch -source sdk_webtalk.tcl
# Log file: C:/Xilinx/workspace/2018.3/zybo_HDMI_IN_OUT/system/system.sdk/webtalk/webtalk.log
# Journal file: C:/Xilinx/workspace/2018.3/zybo_HDMI_IN_OUT/system/system.sdk/webtalk\webtalk.jou
#-----------------------------------------------------------
source sdk_webtalk.tcl
# webtalk_init -webtalk_dir C:\\Xilinx\\workspace\\2018.3\\zybo_HDMI_IN_OUT\\system\\system.sdk\\webtalk
# webtalk_register_client -client project
# webtalk_add_data -client project -key date_generated -value "2019-05-04 11:30:58" -context "software_version_and_target_device"
# webtalk_add_data -client project -key product_version -value "SDK v2018.3" -context "software_version_and_target_device"
# webtalk_add_data -client project -key build_version -value "2018.3" -context "software_version_and_target_device"
# webtalk_add_data -client project -key os_platform -value "amd64" -context "software_version_and_target_device"
# webtalk_add_data -client project -key registration_id -value "" -context "software_version_and_target_device"
# webtalk_add_data -client project -key tool_flow -value "SDK" -context "software_version_and_target_device"
# webtalk_add_data -client project -key beta -value "false" -context "software_version_and_target_device"
# webtalk_add_data -client project -key route_design -value "NA" -context "software_version_and_target_device"
# webtalk_add_data -client project -key target_family -value "NA" -context "software_version_and_target_device"
# webtalk_add_data -client project -key target_device -value "NA" -context "software_version_and_target_device"
# webtalk_add_data -client project -key target_package -value "NA" -context "software_version_and_target_device"
# webtalk_add_data -client project -key target_speed -value "NA" -context "software_version_and_target_device"
# webtalk_add_data -client project -key random_id -value "v87i3cskanp41k1h8tetreum6e" -context "software_version_and_target_device"
# webtalk_add_data -client project -key project_id -value "2018.3_4" -context "software_version_and_target_device"
# webtalk_add_data -client project -key project_iteration -value "4" -context "software_version_and_target_device"
# webtalk_add_data -client project -key os_name -value "Microsoft Windows 8 or later , 64-bit" -context "user_environment"
# webtalk_add_data -client project -key os_release -value "major release  (build 9200)" -context "user_environment"
# webtalk_add_data -client project -key cpu_name -value "Intel(R) Core(TM) i5-7267U CPU @ 3.10GHz" -context "user_environment"
# webtalk_add_data -client project -key cpu_speed -value "3096 MHz" -context "user_environment"
# webtalk_add_data -client project -key total_processors -value "1" -context "user_environment"
# webtalk_add_data -client project -key system_ram -value "8.566 GB" -context "user_environment"
# webtalk_register_client -client sdk
# webtalk_add_data -client sdk -key uid -value "1556936910501" -context "sdk\\\\hardware/1556936910501"
# webtalk_add_data -client sdk -key isZynq -value "true" -context "sdk\\\\hardware/1556936910501"
# webtalk_add_data -client sdk -key isZynqMP -value "false" -context "sdk\\\\hardware/1556936910501"
# webtalk_add_data -client sdk -key Processors -value "2" -context "sdk\\\\hardware/1556936910501"
# webtalk_add_data -client sdk -key VivadoVersion -value "2018.3" -context "sdk\\\\hardware/1556936910501"
# webtalk_add_data -client sdk -key Arch -value "zynq" -context "sdk\\\\hardware/1556936910501"
# webtalk_add_data -client sdk -key Device -value "7z010" -context "sdk\\\\hardware/1556936910501"
# webtalk_add_data -client sdk -key IsHandoff -value "true" -context "sdk\\\\hardware/1556936910501"
# webtalk_add_data -client sdk -key os -value "NA" -context "sdk\\\\hardware/1556936910501"
# webtalk_add_data -client sdk -key apptemplate -value "NA" -context "sdk\\\\hardware/1556936910501"
# webtalk_add_data -client sdk -key RecordType -value "HWCreation" -context "sdk\\\\hardware/1556936910501"
# webtalk_add_data -client sdk -key uid -value "1556936928251" -context "sdk\\\\bsp/1556936928251"
# webtalk_add_data -client sdk -key hwid -value "1556936910501" -context "sdk\\\\bsp/1556936928251"
# webtalk_add_data -client sdk -key os -value "standalone" -context "sdk\\\\bsp/1556936928251"
# webtalk_add_data -client sdk -key apptemplate -value "zynq_fsbl" -context "sdk\\\\bsp/1556936928251"
# webtalk_add_data -client sdk -key RecordType -value "BSPCreation" -context "sdk\\\\bsp/1556936928251"
# webtalk_add_data -client sdk -key uid -value "1556936941109" -context "sdk\\\\application/1556936941109"
# webtalk_add_data -client sdk -key hwid -value "1556936910501" -context "sdk\\\\application/1556936941109"
# webtalk_add_data -client sdk -key bspid -value "1556936928251" -context "sdk\\\\application/1556936941109"
# webtalk_add_data -client sdk -key newbsp -value "true" -context "sdk\\\\application/1556936941109"
# webtalk_add_data -client sdk -key os -value "standalone" -context "sdk\\\\application/1556936941109"
# webtalk_add_data -client sdk -key apptemplate -value "zynq_fsbl" -context "sdk\\\\application/1556936941109"
# webtalk_add_data -client sdk -key RecordType -value "APPCreation" -context "sdk\\\\application/1556936941109"
# webtalk_add_data -client sdk -key LangUsed -value "C" -context "sdk\\\\application/1556936941109"
# webtalk_add_data -client sdk -key Procused -value "ps7_cortexa9" -context "sdk\\\\application/1556936941109"
# webtalk_add_data -client sdk -key projSize -value "602.94140625" -context "sdk\\\\application/1556936941109"
# webtalk_add_data -client sdk -key uid -value "1556936988159" -context "sdk\\\\application/1556936988159"
# webtalk_add_data -client sdk -key hwid -value "1556936910501" -context "sdk\\\\application/1556936988159"
# webtalk_add_data -client sdk -key bspid -value "1556936928251" -context "sdk\\\\application/1556936988159"
# webtalk_add_data -client sdk -key newbsp -value "false" -context "sdk\\\\application/1556936988159"
# webtalk_add_data -client sdk -key os -value "standalone" -context "sdk\\\\application/1556936988159"
# webtalk_add_data -client sdk -key apptemplate -value "empty_application" -context "sdk\\\\application/1556936988159"
# webtalk_add_data -client sdk -key RecordType -value "APPCreation" -context "sdk\\\\application/1556936988159"
# webtalk_add_data -client sdk -key LangUsed -value "C" -context "sdk\\\\application/1556936988159"
# webtalk_add_data -client sdk -key Procused -value "ps7_cortexa9" -context "sdk\\\\application/1556936988159"
# webtalk_add_data -client sdk -key projSize -value "462.34765625" -context "sdk\\\\application/1556936988159"
# webtalk_add_data -client sdk -key uid -value "NA" -context "sdk\\\\bsp/1556937057971"
# webtalk_add_data -client sdk -key RecordType -value "ToolUsage" -context "sdk\\\\bsp/1556937057971"
# webtalk_add_data -client sdk -key BootgenCount -value "0" -context "sdk\\\\bsp/1556937057971"
# webtalk_add_data -client sdk -key DebugCount -value "1" -context "sdk\\\\bsp/1556937057971"
# webtalk_add_data -client sdk -key PerfCount -value "0" -context "sdk\\\\bsp/1556937057971"
# webtalk_add_data -client sdk -key FlashCount -value "0" -context "sdk\\\\bsp/1556937057971"
# webtalk_add_data -client sdk -key CrossTriggCount -value "0" -context "sdk\\\\bsp/1556937057971"
# webtalk_add_data -client sdk -key QemuDebugCount -value "0" -context "sdk\\\\bsp/1556937057971"
# webtalk_transmit -clientid 3826119073 -regid "" -xml C:\\Xilinx\\workspace\\2018.3\\zybo_HDMI_IN_OUT\\system\\system.sdk\\webtalk\\usage_statistics_ext_sdk.xml -html C:\\Xilinx\\workspace\\2018.3\\zybo_HDMI_IN_OUT\\system\\system.sdk\\webtalk\\usage_statistics_ext_sdk.html -wdm C:\\Xilinx\\workspace\\2018.3\\zybo_HDMI_IN_OUT\\system\\system.sdk\\webtalk\\sdk_webtalk.wdm -intro "<H3>SDK Usage Report</H3><BR>"
INFO: [Common 17-186] 'C:\Xilinx\workspace\2018.3\zybo_HDMI_IN_OUT\system\system.sdk\webtalk\usage_statistics_ext_sdk.xml' has been successfully sent to Xilinx on Sat May  4 11:31:08 2019. For additional details about this file, please refer to the WebTalk help file at C:/Xilinx/SDK/2018.3/doc/webtalk_introduction.html.
# webtalk_terminate
INFO: [Common 17-206] Exiting Webtalk at Sat May  4 11:31:08 2019...
