11:28:14 INFO  : Registering command handlers for SDK TCF services
11:28:16 INFO  : Launching XSCT server: xsct.bat -interactive C:\Xilinx\workspace\2018.3\zybo_HDMI_IN_OUT\system\system.sdk\temp_xsdb_launch_script.tcl
11:28:19 INFO  : XSCT server has started successfully.
11:28:21 INFO  : Processing command line option -hwspec C:/Xilinx/workspace/2018.3/zybo_HDMI_IN_OUT/system/system.sdk/system_wrapper.hdf.
11:28:21 INFO  : Successfully done setting XSCT server connection channel  
11:28:21 INFO  : Successfully done setting SDK workspace  
11:30:13 INFO  : Connected to target on host '127.0.0.1' and port '3121'.
11:30:15 INFO  : 'targets -set -filter {jtag_cable_name =~ "Digilent Zybo Z7 210351AB763BA" && level==0} -index 1' command is executed.
11:30:17 INFO  : FPGA configured successfully with bitstream "C:/Xilinx/workspace/2018.3/zybo_HDMI_IN_OUT/system/system.sdk/system_wrapper_hw_platform_0/system_wrapper.bit"
11:30:36 INFO  : 'targets -set -filter {jtag_cable_name =~ "Digilent Zybo Z7 210351AB763BA" && level==0} -index 1' command is executed.
11:30:36 INFO  : 'fpga -state' command is executed.
11:30:36 INFO  : Connected to target on host '127.0.0.1' and port '3121'.
11:30:36 INFO  : Jtag cable 'Digilent Zybo Z7 210351AB763BA' is selected.
11:30:36 INFO  : 'jtag frequency' command is executed.
11:30:36 INFO  : Sourcing of 'C:/Xilinx/workspace/2018.3/zybo_HDMI_IN_OUT/system/system.sdk/system_wrapper_hw_platform_0/ps7_init.tcl' is done.
11:30:36 INFO  : Context for 'APU' is selected.
11:30:36 INFO  : Hardware design information is loaded from 'C:/Xilinx/workspace/2018.3/zybo_HDMI_IN_OUT/system/system.sdk/system_wrapper_hw_platform_0/system.hdf'.
11:30:36 INFO  : 'configparams force-mem-access 1' command is executed.
11:30:36 INFO  : Context for 'APU' is selected.
11:30:37 INFO  : 'stop' command is executed.
11:30:37 INFO  : 'ps7_init' command is executed.
11:30:37 INFO  : 'ps7_post_config' command is executed.
11:30:37 INFO  : Context for processor 'ps7_cortexa9_0' is selected.
11:30:38 INFO  : Processor reset is completed for 'ps7_cortexa9_0'.
11:30:38 INFO  : Context for processor 'ps7_cortexa9_0' is selected.
11:30:38 INFO  : The application 'C:/Xilinx/workspace/2018.3/zybo_HDMI_IN_OUT/system/system.sdk/vdma/Debug/vdma.elf' is downloaded to processor 'ps7_cortexa9_0'.
11:30:38 INFO  : 'configparams force-mem-access 0' command is executed.
11:30:38 INFO  : ----------------XSDB Script----------------
connect -url tcp:127.0.0.1:3121
source C:/Xilinx/workspace/2018.3/zybo_HDMI_IN_OUT/system/system.sdk/system_wrapper_hw_platform_0/ps7_init.tcl
targets -set -nocase -filter {name =~"APU*" && jtag_cable_name =~ "Digilent Zybo Z7 210351AB763BA"} -index 0
loadhw -hw C:/Xilinx/workspace/2018.3/zybo_HDMI_IN_OUT/system/system.sdk/system_wrapper_hw_platform_0/system.hdf -mem-ranges [list {0x40000000 0xbfffffff}]
configparams force-mem-access 1
targets -set -nocase -filter {name =~"APU*" && jtag_cable_name =~ "Digilent Zybo Z7 210351AB763BA"} -index 0
stop
ps7_init
ps7_post_config
targets -set -nocase -filter {name =~ "ARM*#0" && jtag_cable_name =~ "Digilent Zybo Z7 210351AB763BA"} -index 0
rst -processor
targets -set -nocase -filter {name =~ "ARM*#0" && jtag_cable_name =~ "Digilent Zybo Z7 210351AB763BA"} -index 0
dow C:/Xilinx/workspace/2018.3/zybo_HDMI_IN_OUT/system/system.sdk/vdma/Debug/vdma.elf
configparams force-mem-access 0
----------------End of Script----------------

11:30:38 INFO  : Memory regions updated for context APU
11:30:38 INFO  : Context for processor 'ps7_cortexa9_0' is selected.
11:30:38 INFO  : 'con' command is executed.
11:30:38 INFO  : ----------------XSDB Script (After Launch)----------------
targets -set -nocase -filter {name =~ "ARM*#0" && jtag_cable_name =~ "Digilent Zybo Z7 210351AB763BA"} -index 0
con
----------------End of Script----------------

11:30:38 INFO  : Launch script is exported to file 'C:\Xilinx\workspace\2018.3\zybo_HDMI_IN_OUT\system\system.sdk\.sdk\launch_scripts\xilinx_c-c++_application_(system_debugger)\system_debugger_using_debug_vdma.elf_on_local.tcl'
11:30:58 INFO  : Disconnected from the channel tcfchan#1.
13:03:39 INFO  : Launching XSCT server: xsct.bat -interactive C:\Xilinx\workspace\2018.3\zybo_HDMI_IN_OUT\system\system.sdk\temp_xsdb_launch_script.tcl
13:03:42 INFO  : XSCT server has started successfully.
13:03:45 INFO  : Successfully done setting XSCT server connection channel  
13:03:45 INFO  : Successfully done setting SDK workspace  
13:03:55 INFO  : Registering command handlers for SDK TCF services
13:03:55 INFO  : Processing command line option -hwspec C:/Xilinx/workspace/2018.3/zybo_HDMI_IN_OUT/system/system.sdk/system_wrapper.hdf.
13:03:56 INFO  : Checking for hwspec changes in the project system_wrapper_hw_platform_0.
13:03:56 INFO  : SDK has detected change in the last modified timestamps for source hardware specification file Source:1556942532685,  Project:1556936662585
13:03:56 INFO  : The hardware specification for project 'system_wrapper_hw_platform_0' is different from C:/Xilinx/workspace/2018.3/zybo_HDMI_IN_OUT/system/system.sdk/system_wrapper.hdf.
13:03:56 INFO  : Copied contents of C:/Xilinx/workspace/2018.3/zybo_HDMI_IN_OUT/system/system.sdk/system_wrapper.hdf into \system_wrapper_hw_platform_0\system.hdf.
13:04:08 INFO  : Synchronizing projects in the workspace with the hardware platform specification changes.
13:04:13 INFO  : 
13:04:14 INFO  : Updating hardware inferred compiler options for fsbl.
13:04:15 INFO  : Updating hardware inferred compiler options for vdma.
13:04:15 INFO  : Clearing existing target manager status.
13:04:15 INFO  : Closing and re-opening the MSS file of ther project fsbl_bsp
13:04:17 INFO  : Workspace synchronized with the new hardware specification file. Cleaning dependent projects...
13:04:20 WARN  : Linker script will not be updated automatically. Users need to update it manually.
13:05:14 INFO  : Connected to target on host '127.0.0.1' and port '3121'.
13:05:15 INFO  : 'targets -set -filter {jtag_cable_name =~ "Digilent Zybo Z7 210351AB763BA" && level==0} -index 1' command is executed.
13:05:16 INFO  : FPGA configured successfully with bitstream "C:/Xilinx/workspace/2018.3/zybo_HDMI_IN_OUT/system/system.sdk/system_wrapper_hw_platform_0/system_wrapper.bit"
13:05:25 INFO  : 'targets -set -filter {jtag_cable_name =~ "Digilent Zybo Z7 210351AB763BA" && level==0} -index 1' command is executed.
13:05:25 INFO  : 'fpga -state' command is executed.
13:05:25 INFO  : Connected to target on host '127.0.0.1' and port '3121'.
13:05:26 INFO  : Jtag cable 'Digilent Zybo Z7 210351AB763BA' is selected.
13:05:26 INFO  : 'jtag frequency' command is executed.
13:05:26 INFO  : Sourcing of 'C:/Xilinx/workspace/2018.3/zybo_HDMI_IN_OUT/system/system.sdk/system_wrapper_hw_platform_0/ps7_init.tcl' is done.
13:05:26 INFO  : Context for 'APU' is selected.
13:05:26 INFO  : Hardware design information is loaded from 'C:/Xilinx/workspace/2018.3/zybo_HDMI_IN_OUT/system/system.sdk/system_wrapper_hw_platform_0/system.hdf'.
13:05:26 INFO  : 'configparams force-mem-access 1' command is executed.
13:05:26 INFO  : Context for 'APU' is selected.
13:05:26 INFO  : 'stop' command is executed.
13:05:27 INFO  : 'ps7_init' command is executed.
13:05:27 INFO  : 'ps7_post_config' command is executed.
13:05:27 INFO  : Context for processor 'ps7_cortexa9_0' is selected.
13:05:27 INFO  : Processor reset is completed for 'ps7_cortexa9_0'.
13:05:27 INFO  : Context for processor 'ps7_cortexa9_0' is selected.
13:05:28 INFO  : The application 'C:/Xilinx/workspace/2018.3/zybo_HDMI_IN_OUT/system/system.sdk/vdma/Debug/vdma.elf' is downloaded to processor 'ps7_cortexa9_0'.
13:05:28 INFO  : 'configparams force-mem-access 0' command is executed.
13:05:28 INFO  : ----------------XSDB Script----------------
connect -url tcp:127.0.0.1:3121
source C:/Xilinx/workspace/2018.3/zybo_HDMI_IN_OUT/system/system.sdk/system_wrapper_hw_platform_0/ps7_init.tcl
targets -set -nocase -filter {name =~"APU*" && jtag_cable_name =~ "Digilent Zybo Z7 210351AB763BA"} -index 0
loadhw -hw C:/Xilinx/workspace/2018.3/zybo_HDMI_IN_OUT/system/system.sdk/system_wrapper_hw_platform_0/system.hdf -mem-ranges [list {0x40000000 0xbfffffff}]
configparams force-mem-access 1
targets -set -nocase -filter {name =~"APU*" && jtag_cable_name =~ "Digilent Zybo Z7 210351AB763BA"} -index 0
stop
ps7_init
ps7_post_config
targets -set -nocase -filter {name =~ "ARM*#0" && jtag_cable_name =~ "Digilent Zybo Z7 210351AB763BA"} -index 0
rst -processor
targets -set -nocase -filter {name =~ "ARM*#0" && jtag_cable_name =~ "Digilent Zybo Z7 210351AB763BA"} -index 0
dow C:/Xilinx/workspace/2018.3/zybo_HDMI_IN_OUT/system/system.sdk/vdma/Debug/vdma.elf
configparams force-mem-access 0
----------------End of Script----------------

13:05:28 INFO  : Memory regions updated for context APU
13:05:28 INFO  : Context for processor 'ps7_cortexa9_0' is selected.
13:05:28 INFO  : 'con' command is executed.
13:05:28 INFO  : ----------------XSDB Script (After Launch)----------------
targets -set -nocase -filter {name =~ "ARM*#0" && jtag_cable_name =~ "Digilent Zybo Z7 210351AB763BA"} -index 0
con
----------------End of Script----------------

13:05:28 INFO  : Launch script is exported to file 'C:\Xilinx\workspace\2018.3\zybo_HDMI_IN_OUT\system\system.sdk\.sdk\launch_scripts\xilinx_c-c++_application_(system_debugger)\system_debugger_using_debug_vdma.elf_on_local.tcl'
13:06:01 INFO  : Connected to target on host '127.0.0.1' and port '3121'.
13:06:01 INFO  : 'targets -set -filter {jtag_cable_name =~ "Digilent Zybo Z7 210351AB763BA" && level==0} -index 1' command is executed.
13:06:02 INFO  : FPGA configured successfully with bitstream "C:/Xilinx/workspace/2018.3/zybo_HDMI_IN_OUT/system/system.sdk/system_wrapper_hw_platform_0/system_wrapper.bit"
13:06:09 INFO  : Disconnected from the channel tcfchan#1.
13:06:10 INFO  : 'targets -set -filter {jtag_cable_name =~ "Digilent Zybo Z7 210351AB763BA" && level==0} -index 1' command is executed.
13:06:10 INFO  : 'fpga -state' command is executed.
13:06:10 INFO  : Connected to target on host '127.0.0.1' and port '3121'.
13:06:11 INFO  : Jtag cable 'Digilent Zybo Z7 210351AB763BA' is selected.
13:06:11 INFO  : 'jtag frequency' command is executed.
13:06:11 INFO  : Sourcing of 'C:/Xilinx/workspace/2018.3/zybo_HDMI_IN_OUT/system/system.sdk/system_wrapper_hw_platform_0/ps7_init.tcl' is done.
13:06:11 INFO  : Context for 'APU' is selected.
13:06:16 INFO  : Hardware design information is loaded from 'C:/Xilinx/workspace/2018.3/zybo_HDMI_IN_OUT/system/system.sdk/system_wrapper_hw_platform_0/system.hdf'.
13:06:16 INFO  : 'configparams force-mem-access 1' command is executed.
13:06:16 INFO  : Context for 'APU' is selected.
13:06:16 INFO  : 'stop' command is executed.
13:06:17 INFO  : 'ps7_init' command is executed.
13:06:17 INFO  : 'ps7_post_config' command is executed.
13:06:17 INFO  : Context for processor 'ps7_cortexa9_0' is selected.
13:06:17 INFO  : Processor reset is completed for 'ps7_cortexa9_0'.
13:06:17 INFO  : Context for processor 'ps7_cortexa9_0' is selected.
13:06:18 INFO  : The application 'C:/Xilinx/workspace/2018.3/zybo_HDMI_IN_OUT/system/system.sdk/vdma/Debug/vdma.elf' is downloaded to processor 'ps7_cortexa9_0'.
13:06:18 INFO  : 'configparams force-mem-access 0' command is executed.
13:06:18 INFO  : ----------------XSDB Script----------------
connect -url tcp:127.0.0.1:3121
source C:/Xilinx/workspace/2018.3/zybo_HDMI_IN_OUT/system/system.sdk/system_wrapper_hw_platform_0/ps7_init.tcl
targets -set -nocase -filter {name =~"APU*" && jtag_cable_name =~ "Digilent Zybo Z7 210351AB763BA"} -index 0
loadhw -hw C:/Xilinx/workspace/2018.3/zybo_HDMI_IN_OUT/system/system.sdk/system_wrapper_hw_platform_0/system.hdf -mem-ranges [list {0x40000000 0xbfffffff}]
configparams force-mem-access 1
targets -set -nocase -filter {name =~"APU*" && jtag_cable_name =~ "Digilent Zybo Z7 210351AB763BA"} -index 0
stop
ps7_init
ps7_post_config
targets -set -nocase -filter {name =~ "ARM*#0" && jtag_cable_name =~ "Digilent Zybo Z7 210351AB763BA"} -index 0
rst -processor
targets -set -nocase -filter {name =~ "ARM*#0" && jtag_cable_name =~ "Digilent Zybo Z7 210351AB763BA"} -index 0
dow C:/Xilinx/workspace/2018.3/zybo_HDMI_IN_OUT/system/system.sdk/vdma/Debug/vdma.elf
configparams force-mem-access 0
----------------End of Script----------------

13:06:18 INFO  : Memory regions updated for context APU
13:06:18 INFO  : Context for processor 'ps7_cortexa9_0' is selected.
13:06:18 INFO  : 'con' command is executed.
13:06:18 INFO  : ----------------XSDB Script (After Launch)----------------
targets -set -nocase -filter {name =~ "ARM*#0" && jtag_cable_name =~ "Digilent Zybo Z7 210351AB763BA"} -index 0
con
----------------End of Script----------------

13:06:18 INFO  : Launch script is exported to file 'C:\Xilinx\workspace\2018.3\zybo_HDMI_IN_OUT\system\system.sdk\.sdk\launch_scripts\xilinx_c-c++_application_(system_debugger)\system_debugger_using_debug_vdma.elf_on_local.tcl'
13:07:55 INFO  : Connected to target on host '127.0.0.1' and port '3121'.
13:07:55 INFO  : 'targets -set -filter {jtag_cable_name =~ "Digilent Zybo Z7 210351AB763BA" && level==0} -index 1' command is executed.
13:07:57 INFO  : FPGA configured successfully with bitstream "C:/Xilinx/workspace/2018.3/zybo_HDMI_IN_OUT/system/system.sdk/system_wrapper_hw_platform_0/system_wrapper.bit"
13:08:03 INFO  : Disconnected from the channel tcfchan#2.
13:08:05 INFO  : 'targets -set -filter {jtag_cable_name =~ "Digilent Zybo Z7 210351AB763BA" && level==0} -index 1' command is executed.
13:08:05 INFO  : 'fpga -state' command is executed.
13:08:05 INFO  : Connected to target on host '127.0.0.1' and port '3121'.
13:08:05 INFO  : Jtag cable 'Digilent Zybo Z7 210351AB763BA' is selected.
13:08:05 INFO  : 'jtag frequency' command is executed.
13:08:05 INFO  : Sourcing of 'C:/Xilinx/workspace/2018.3/zybo_HDMI_IN_OUT/system/system.sdk/system_wrapper_hw_platform_0/ps7_init.tcl' is done.
13:08:05 INFO  : Context for 'APU' is selected.
13:08:05 INFO  : Hardware design information is loaded from 'C:/Xilinx/workspace/2018.3/zybo_HDMI_IN_OUT/system/system.sdk/system_wrapper_hw_platform_0/system.hdf'.
13:08:05 INFO  : 'configparams force-mem-access 1' command is executed.
13:08:05 INFO  : Context for 'APU' is selected.
13:08:05 INFO  : 'stop' command is executed.
13:08:06 INFO  : 'ps7_init' command is executed.
13:08:06 INFO  : 'ps7_post_config' command is executed.
13:08:06 INFO  : Context for processor 'ps7_cortexa9_0' is selected.
13:08:06 INFO  : Processor reset is completed for 'ps7_cortexa9_0'.
13:08:06 INFO  : Context for processor 'ps7_cortexa9_0' is selected.
13:08:07 INFO  : The application 'C:/Xilinx/workspace/2018.3/zybo_HDMI_IN_OUT/system/system.sdk/vdma/Debug/vdma.elf' is downloaded to processor 'ps7_cortexa9_0'.
13:08:07 INFO  : 'configparams force-mem-access 0' command is executed.
13:08:07 INFO  : ----------------XSDB Script----------------
connect -url tcp:127.0.0.1:3121
source C:/Xilinx/workspace/2018.3/zybo_HDMI_IN_OUT/system/system.sdk/system_wrapper_hw_platform_0/ps7_init.tcl
targets -set -nocase -filter {name =~"APU*" && jtag_cable_name =~ "Digilent Zybo Z7 210351AB763BA"} -index 0
loadhw -hw C:/Xilinx/workspace/2018.3/zybo_HDMI_IN_OUT/system/system.sdk/system_wrapper_hw_platform_0/system.hdf -mem-ranges [list {0x40000000 0xbfffffff}]
configparams force-mem-access 1
targets -set -nocase -filter {name =~"APU*" && jtag_cable_name =~ "Digilent Zybo Z7 210351AB763BA"} -index 0
stop
ps7_init
ps7_post_config
targets -set -nocase -filter {name =~ "ARM*#0" && jtag_cable_name =~ "Digilent Zybo Z7 210351AB763BA"} -index 0
rst -processor
targets -set -nocase -filter {name =~ "ARM*#0" && jtag_cable_name =~ "Digilent Zybo Z7 210351AB763BA"} -index 0
dow C:/Xilinx/workspace/2018.3/zybo_HDMI_IN_OUT/system/system.sdk/vdma/Debug/vdma.elf
configparams force-mem-access 0
----------------End of Script----------------

13:08:07 INFO  : Memory regions updated for context APU
13:08:07 INFO  : Context for processor 'ps7_cortexa9_0' is selected.
13:08:07 INFO  : 'con' command is executed.
13:08:07 INFO  : ----------------XSDB Script (After Launch)----------------
targets -set -nocase -filter {name =~ "ARM*#0" && jtag_cable_name =~ "Digilent Zybo Z7 210351AB763BA"} -index 0
con
----------------End of Script----------------

13:08:07 INFO  : Launch script is exported to file 'C:\Xilinx\workspace\2018.3\zybo_HDMI_IN_OUT\system\system.sdk\.sdk\launch_scripts\xilinx_c-c++_application_(system_debugger)\system_debugger_using_debug_vdma.elf_on_local.tcl'
13:13:54 INFO  : Disconnected from the channel tcfchan#3.
