
*** Running vivado
    with args -log hdmi_tx_out.vds -m64 -product Vivado -mode batch -messageDb vivado.pb -notrace -source hdmi_tx_out.tcl


****** Vivado v2016.4 (64-bit)
  **** SW Build 1756540 on Mon Jan 23 19:11:23 MST 2017
  **** IP Build 1755317 on Mon Jan 23 20:30:07 MST 2017
    ** Copyright 1986-2016 Xilinx, Inc. All Rights Reserved.

source hdmi_tx_out.tcl -notrace
Command: synth_design -top hdmi_tx_out -part xc7k325tffg900-2
Starting synth_design
Attempting to get a license for feature 'Synthesis' and/or device 'xc7k325t'
INFO: [Common 17-349] Got license for feature 'Synthesis' and/or device 'xc7k325t'
INFO: Launching helper process for spawning children vivado processes
INFO: Helper process launched with PID 10020 
---------------------------------------------------------------------------------
Starting Synthesize : Time (s): cpu = 00:00:05 ; elapsed = 00:00:10 . Memory (MB): peak = 332.324 ; gain = 122.313
---------------------------------------------------------------------------------
INFO: [Synth 8-638] synthesizing module 'hdmi_tx_out' [E:/P_2017/SEEDCORE/RTL/V16_4/mcb_4ch_dma_sdlc_interlace_170413/ip_repo/hdmi_tx_out/hdmi_tx_out.v:3]
	Parameter AXIS_DATA_WIDTH bound to: 16 - type: integer 
INFO: [Synth 8-638] synthesizing module 'ODDR' [C:/Xilinx/Vivado/2016.4/scripts/rt/data/unisim_comp.v:25305]
	Parameter DDR_CLK_EDGE bound to: OPPOSITE_EDGE - type: string 
	Parameter INIT bound to: 1'b0 
	Parameter IS_C_INVERTED bound to: 1'b0 
	Parameter IS_D1_INVERTED bound to: 1'b0 
	Parameter IS_D2_INVERTED bound to: 1'b0 
	Parameter SRTYPE bound to: SYNC - type: string 
INFO: [Synth 8-256] done synthesizing module 'ODDR' (1#1) [C:/Xilinx/Vivado/2016.4/scripts/rt/data/unisim_comp.v:25305]
INFO: [Synth 8-4471] merging register 'dbg_v_vs_reg' into 'd_hdmi_vs_reg' [E:/P_2017/SEEDCORE/RTL/V16_4/mcb_4ch_dma_sdlc_interlace_170413/ip_repo/hdmi_tx_out/hdmi_tx_out.v:56]
INFO: [Synth 8-4471] merging register 'dbg_v_hs_reg' into 'd_hdmi_hs_reg' [E:/P_2017/SEEDCORE/RTL/V16_4/mcb_4ch_dma_sdlc_interlace_170413/ip_repo/hdmi_tx_out/hdmi_tx_out.v:57]
INFO: [Synth 8-4471] merging register 'dbg_v_vb_reg' into 'd_hdmi_vb_reg' [E:/P_2017/SEEDCORE/RTL/V16_4/mcb_4ch_dma_sdlc_interlace_170413/ip_repo/hdmi_tx_out/hdmi_tx_out.v:58]
INFO: [Synth 8-4471] merging register 'dbg_v_hb_reg' into 'd_hdmi_hb_reg' [E:/P_2017/SEEDCORE/RTL/V16_4/mcb_4ch_dma_sdlc_interlace_170413/ip_repo/hdmi_tx_out/hdmi_tx_out.v:59]
INFO: [Synth 8-4471] merging register 'dbg_v_de_reg' into 'd_hdmi_de_reg' [E:/P_2017/SEEDCORE/RTL/V16_4/mcb_4ch_dma_sdlc_interlace_170413/ip_repo/hdmi_tx_out/hdmi_tx_out.v:60]
INFO: [Synth 8-4471] merging register 'dbg_v_dt_reg[15:0]' into 'd_hdmi_dt_reg[15:0]' [E:/P_2017/SEEDCORE/RTL/V16_4/mcb_4ch_dma_sdlc_interlace_170413/ip_repo/hdmi_tx_out/hdmi_tx_out.v:61]
INFO: [Synth 8-256] done synthesizing module 'hdmi_tx_out' (2#1) [E:/P_2017/SEEDCORE/RTL/V16_4/mcb_4ch_dma_sdlc_interlace_170413/ip_repo/hdmi_tx_out/hdmi_tx_out.v:3]
---------------------------------------------------------------------------------
Finished Synthesize : Time (s): cpu = 00:00:06 ; elapsed = 00:00:10 . Memory (MB): peak = 366.602 ; gain = 156.590
---------------------------------------------------------------------------------
---------------------------------------------------------------------------------
Finished Constraint Validation : Time (s): cpu = 00:00:06 ; elapsed = 00:00:10 . Memory (MB): peak = 366.602 ; gain = 156.590
---------------------------------------------------------------------------------
---------------------------------------------------------------------------------
Start Loading Part and Timing Information
---------------------------------------------------------------------------------
Loading part: xc7k325tffg900-2
---------------------------------------------------------------------------------
Finished Loading Part and Timing Information : Time (s): cpu = 00:00:06 ; elapsed = 00:00:10 . Memory (MB): peak = 366.602 ; gain = 156.590
---------------------------------------------------------------------------------
INFO: [Device 21-403] Loading part xc7k325tffg900-2
---------------------------------------------------------------------------------
Finished RTL Optimization Phase 2 : Time (s): cpu = 00:00:06 ; elapsed = 00:00:10 . Memory (MB): peak = 366.602 ; gain = 156.590
---------------------------------------------------------------------------------

Report RTL Partitions: 
+-+--------------+------------+----------+
| |RTL Partition |Replication |Instances |
+-+--------------+------------+----------+
+-+--------------+------------+----------+
No constraint files found.
---------------------------------------------------------------------------------
Start RTL Component Statistics 
---------------------------------------------------------------------------------
Detailed RTL Component Info : 
+---Registers : 
	               16 Bit    Registers := 1     
	                1 Bit    Registers := 5     
---------------------------------------------------------------------------------
Finished RTL Component Statistics 
---------------------------------------------------------------------------------
---------------------------------------------------------------------------------
Start RTL Hierarchical Component Statistics 
---------------------------------------------------------------------------------
Hierarchical RTL Component report 
Module hdmi_tx_out 
Detailed RTL Component Info : 
+---Registers : 
	               16 Bit    Registers := 1     
	                1 Bit    Registers := 5     
---------------------------------------------------------------------------------
Finished RTL Hierarchical Component Statistics
---------------------------------------------------------------------------------
---------------------------------------------------------------------------------
Start Part Resource Summary
---------------------------------------------------------------------------------
Part Resources:
DSPs: 840 (col length:140)
BRAMs: 890 (col length: RAMB18 140 RAMB36 70)
---------------------------------------------------------------------------------
Finished Part Resource Summary
---------------------------------------------------------------------------------
No constraint files found.
---------------------------------------------------------------------------------
Start Cross Boundary and Area Optimization
---------------------------------------------------------------------------------
---------------------------------------------------------------------------------
Finished Cross Boundary and Area Optimization : Time (s): cpu = 00:00:08 ; elapsed = 00:00:13 . Memory (MB): peak = 521.125 ; gain = 311.113
---------------------------------------------------------------------------------

Report RTL Partitions: 
+-+--------------+------------+----------+
| |RTL Partition |Replication |Instances |
+-+--------------+------------+----------+
+-+--------------+------------+----------+
---------------------------------------------------------------------------------
Start Timing Optimization
---------------------------------------------------------------------------------
No constraint files found.
---------------------------------------------------------------------------------
Finished Timing Optimization : Time (s): cpu = 00:00:08 ; elapsed = 00:00:13 . Memory (MB): peak = 521.125 ; gain = 311.113
---------------------------------------------------------------------------------

Report RTL Partitions: 
+-+--------------+------------+----------+
| |RTL Partition |Replication |Instances |
+-+--------------+------------+----------+
+-+--------------+------------+----------+
---------------------------------------------------------------------------------
Start Technology Mapping
---------------------------------------------------------------------------------
---------------------------------------------------------------------------------
Finished Technology Mapping : Time (s): cpu = 00:00:08 ; elapsed = 00:00:13 . Memory (MB): peak = 522.199 ; gain = 312.188
---------------------------------------------------------------------------------

Report RTL Partitions: 
+-+--------------+------------+----------+
| |RTL Partition |Replication |Instances |
+-+--------------+------------+----------+
+-+--------------+------------+----------+
---------------------------------------------------------------------------------
Start IO Insertion
---------------------------------------------------------------------------------
---------------------------------------------------------------------------------
Start Flattening Before IO Insertion
---------------------------------------------------------------------------------
---------------------------------------------------------------------------------
Finished Flattening Before IO Insertion
---------------------------------------------------------------------------------
---------------------------------------------------------------------------------
Start Final Netlist Cleanup
---------------------------------------------------------------------------------
---------------------------------------------------------------------------------
Finished Final Netlist Cleanup
---------------------------------------------------------------------------------
---------------------------------------------------------------------------------
Finished IO Insertion : Time (s): cpu = 00:00:09 ; elapsed = 00:00:14 . Memory (MB): peak = 522.199 ; gain = 312.188
---------------------------------------------------------------------------------

Report Check Netlist: 
+------+------------------+-------+---------+-------+------------------+
|      |Item              |Errors |Warnings |Status |Description       |
+------+------------------+-------+---------+-------+------------------+
|1     |multi_driven_nets |      0|        0|Passed |Multi driven nets |
+------+------------------+-------+---------+-------+------------------+
---------------------------------------------------------------------------------
Start Renaming Generated Instances
---------------------------------------------------------------------------------
---------------------------------------------------------------------------------
Finished Renaming Generated Instances : Time (s): cpu = 00:00:09 ; elapsed = 00:00:14 . Memory (MB): peak = 522.199 ; gain = 312.188
---------------------------------------------------------------------------------

Report RTL Partitions: 
+-+--------------+------------+----------+
| |RTL Partition |Replication |Instances |
+-+--------------+------------+----------+
+-+--------------+------------+----------+
---------------------------------------------------------------------------------
Start Rebuilding User Hierarchy
---------------------------------------------------------------------------------
---------------------------------------------------------------------------------
Finished Rebuilding User Hierarchy : Time (s): cpu = 00:00:09 ; elapsed = 00:00:14 . Memory (MB): peak = 522.199 ; gain = 312.188
---------------------------------------------------------------------------------
---------------------------------------------------------------------------------
Start Renaming Generated Ports
---------------------------------------------------------------------------------
---------------------------------------------------------------------------------
Finished Renaming Generated Ports : Time (s): cpu = 00:00:09 ; elapsed = 00:00:14 . Memory (MB): peak = 522.199 ; gain = 312.188
---------------------------------------------------------------------------------
---------------------------------------------------------------------------------
Start Handling Custom Attributes
---------------------------------------------------------------------------------
---------------------------------------------------------------------------------
Finished Handling Custom Attributes : Time (s): cpu = 00:00:09 ; elapsed = 00:00:14 . Memory (MB): peak = 522.199 ; gain = 312.188
---------------------------------------------------------------------------------
---------------------------------------------------------------------------------
Start Renaming Generated Nets
---------------------------------------------------------------------------------
---------------------------------------------------------------------------------
Finished Renaming Generated Nets : Time (s): cpu = 00:00:09 ; elapsed = 00:00:14 . Memory (MB): peak = 522.199 ; gain = 312.188
---------------------------------------------------------------------------------
---------------------------------------------------------------------------------
Start Writing Synthesis Report
---------------------------------------------------------------------------------

Report BlackBoxes: 
+-+--------------+----------+
| |BlackBox name |Instances |
+-+--------------+----------+
+-+--------------+----------+

Report Cell Usage: 
+------+-----+------+
|      |Cell |Count |
+------+-----+------+
|1     |BUFG |     1|
|2     |ODDR |    22|
|3     |FDRE |    21|
|4     |IBUF |    22|
|5     |OBUF |    43|
+------+-----+------+

Report Instance Areas: 
+------+---------+-------+------+
|      |Instance |Module |Cells |
+------+---------+-------+------+
|1     |top      |       |   109|
+------+---------+-------+------+
---------------------------------------------------------------------------------
Finished Writing Synthesis Report : Time (s): cpu = 00:00:09 ; elapsed = 00:00:14 . Memory (MB): peak = 522.199 ; gain = 312.188
---------------------------------------------------------------------------------
Synthesis finished with 0 errors, 0 critical warnings and 0 warnings.
Synthesis Optimization Runtime : Time (s): cpu = 00:00:06 ; elapsed = 00:00:06 . Memory (MB): peak = 522.199 ; gain = 246.906
Synthesis Optimization Complete : Time (s): cpu = 00:00:09 ; elapsed = 00:00:14 . Memory (MB): peak = 522.199 ; gain = 312.188
INFO: [Project 1-571] Translating synthesized netlist
INFO: [Netlist 29-17] Analyzing 44 Unisim elements for replacement
INFO: [Netlist 29-28] Unisim Transformation completed in 0 CPU seconds
INFO: [Project 1-570] Preparing netlist for logic optimization
INFO: [Opt 31-138] Pushed 0 inverter(s) to 0 load pin(s).
INFO: [Project 1-111] Unisim Transformation Summary:
No Unisim elements were transformed.

INFO: [Common 17-83] Releasing license: Synthesis
20 Infos, 0 Warnings, 0 Critical Warnings and 0 Errors encountered.
synth_design completed successfully
synth_design: Time (s): cpu = 00:00:08 ; elapsed = 00:00:10 . Memory (MB): peak = 605.492 ; gain = 365.531
INFO: [Common 17-1381] The checkpoint 'E:/P_2017/SEEDCORE/RTL/V16_4/mcb_4ch_dma_sdlc_interlace_170413/ip_repo/hdmi_tx_out/project_1.runs/synth_1/hdmi_tx_out.dcp' has been generated.
report_utilization: Time (s): cpu = 00:00:00 ; elapsed = 00:00:00.020 . Memory (MB): peak = 605.492 ; gain = 0.000
INFO: [Common 17-206] Exiting Vivado at Thu Apr 13 21:20:54 2017...
