
*** Running vivado
    with args -log axis_bridge_fifo.vds -m64 -product Vivado -mode batch -messageDb vivado.pb -notrace -source axis_bridge_fifo.tcl


****** Vivado v2016.4 (64-bit)
  **** SW Build 1756540 on Mon Jan 23 19:11:23 MST 2017
  **** IP Build 1755317 on Mon Jan 23 20:30:07 MST 2017
    ** Copyright 1986-2016 Xilinx, Inc. All Rights Reserved.

source axis_bridge_fifo.tcl -notrace
Starting RTL Elaboration : Time (s): cpu = 00:00:07 ; elapsed = 00:00:11 . Memory (MB): peak = 353.801 ; gain = 143.934
INFO: [Synth 8-638] synthesizing module 'axis_bridge_fifo' [e:/P_2017/SEEDCORE/RTL/FINAL/mcb_rel_1.0_170509/ip_repo/vid_in_24b_axis/project_1/project_1.srcs/sources_1/ip/axis_bridge_fifo/synth/axis_bridge_fifo.vhd:73]
INFO: [Synth 8-256] done synthesizing module 'axis_bridge_fifo' (26#1) [e:/P_2017/SEEDCORE/RTL/FINAL/mcb_rel_1.0_170509/ip_repo/vid_in_24b_axis/project_1/project_1.srcs/sources_1/ip/axis_bridge_fifo/synth/axis_bridge_fifo.vhd:73]
Finished RTL Elaboration : Time (s): cpu = 00:00:38 ; elapsed = 00:00:44 . Memory (MB): peak = 556.305 ; gain = 346.438
Finished RTL Optimization Phase 1 : Time (s): cpu = 00:00:39 ; elapsed = 00:00:44 . Memory (MB): peak = 556.305 ; gain = 346.438
INFO: [Device 21-403] Loading part xc7z035ffg676-2
Constraint Validation Runtime : Time (s): cpu = 00:00:00 ; elapsed = 00:00:00.016 . Memory (MB): peak = 704.238 ; gain = 0.000
Finished Constraint Validation : Time (s): cpu = 00:00:46 ; elapsed = 00:00:52 . Memory (MB): peak = 704.238 ; gain = 494.371
Finished Loading Part and Timing Information : Time (s): cpu = 00:00:46 ; elapsed = 00:00:52 . Memory (MB): peak = 704.238 ; gain = 494.371
Finished applying 'set_property' XDC Constraints : Time (s): cpu = 00:00:46 ; elapsed = 00:00:52 . Memory (MB): peak = 704.238 ; gain = 494.371
Finished RTL Optimization Phase 2 : Time (s): cpu = 00:00:46 ; elapsed = 00:00:52 . Memory (MB): peak = 704.238 ; gain = 494.371
Finished Cross Boundary and Area Optimization : Time (s): cpu = 00:00:47 ; elapsed = 00:00:53 . Memory (MB): peak = 704.238 ; gain = 494.371
Finished Applying XDC Timing Constraints : Time (s): cpu = 00:00:53 ; elapsed = 00:00:59 . Memory (MB): peak = 711.473 ; gain = 501.605
Finished Timing Optimization : Time (s): cpu = 00:00:54 ; elapsed = 00:01:00 . Memory (MB): peak = 723.703 ; gain = 513.836
Finished Technology Mapping : Time (s): cpu = 00:00:54 ; elapsed = 00:01:00 . Memory (MB): peak = 732.184 ; gain = 522.316
Finished IO Insertion : Time (s): cpu = 00:00:54 ; elapsed = 00:01:00 . Memory (MB): peak = 732.184 ; gain = 522.316
Finished Renaming Generated Instances : Time (s): cpu = 00:00:54 ; elapsed = 00:01:00 . Memory (MB): peak = 732.184 ; gain = 522.316
Finished Rebuilding User Hierarchy : Time (s): cpu = 00:00:54 ; elapsed = 00:01:00 . Memory (MB): peak = 732.184 ; gain = 522.316
Finished Renaming Generated Ports : Time (s): cpu = 00:00:54 ; elapsed = 00:01:00 . Memory (MB): peak = 732.184 ; gain = 522.316
Finished Handling Custom Attributes : Time (s): cpu = 00:00:54 ; elapsed = 00:01:00 . Memory (MB): peak = 732.184 ; gain = 522.316
Finished Renaming Generated Nets : Time (s): cpu = 00:00:54 ; elapsed = 00:01:00 . Memory (MB): peak = 732.184 ; gain = 522.316

Report Cell Usage: 
+------+---------+------+
|      |Cell     |Count |
+------+---------+------+
|1     |LUT1     |     2|
|2     |LUT2     |    38|
|3     |LUT3     |     9|
|4     |LUT4     |    29|
|5     |LUT5     |    11|
|6     |LUT6     |    14|
|7     |MUXCY    |    24|
|8     |RAMB36E1 |     2|
|9     |FDCE     |   140|
|10    |FDPE     |    22|
|11    |FDRE     |     4|
+------+---------+------+
Finished Writing Synthesis Report : Time (s): cpu = 00:00:54 ; elapsed = 00:01:00 . Memory (MB): peak = 732.184 ; gain = 522.316
synth_design: Time (s): cpu = 00:00:54 ; elapsed = 00:00:59 . Memory (MB): peak = 1174.168 ; gain = 912.742
