#-----------------------------------------------------------
# Vivado v2015.3 (64-bit)
# SW Build 1368829 on Mon Sep 28 20:06:43 MDT 2015
# IP Build 1367837 on Mon Sep 28 08:56:14 MDT 2015
# Start of session at: Mon Mar 27 16:55:18 2017
# Process ID: 7284
# Current directory: E:/P_2017/SEEDCORE/RTL/V16_3/mcb_axis_sdlc_170327/ip_repo/axis_sdlc_controller/project_1
# Command line: vivado.exe -gui_launcher_event rodinguilauncherevent15036 E:\P_2017\SEEDCORE\RTL\V16_3\mcb_axis_sdlc_170327\ip_repo\axis_sdlc_controller\project_1\project_1.xpr
# Log file: E:/P_2017/SEEDCORE/RTL/V16_3/mcb_axis_sdlc_170327/ip_repo/axis_sdlc_controller/project_1/vivado.log
# Journal file: E:/P_2017/SEEDCORE/RTL/V16_3/mcb_axis_sdlc_170327/ip_repo/axis_sdlc_controller/project_1\vivado.jou
#-----------------------------------------------------------
start_gui
open_project E:/P_2017/SEEDCORE/RTL/V16_3/mcb_axis_sdlc_170327/ip_repo/axis_sdlc_controller/project_1/project_1.xpr
INFO: [ProjectBase 1-489] The host OS only allows 260 characters in a normal path. The project is stored in a path with more than 80 characters. If you experience issues with IP, Block Designs, or files not being found, please consider moving the project to a location with a shorter path. Alternately consider using the OS subst command to map part of the path to a drive letter.
Current project path is 'E:/P_2017/SEEDCORE/RTL/V16_3/mcb_axis_sdlc_170327/ip_repo/axis_sdlc_controller/project_1'
INFO: [Project 1-313] Project file moved from 'D:/SDLC_IP/user_ip/axis_sdlc_controller/project_1' since last save.
CRITICAL WARNING: [Project 1-311] Could not find the file 'E:/P_2017/SEEDCORE/RTL/V16_3/mcb_axis_sdlc_170327/ip_repo/axis_sdlc_controller/component.xml', nor could it be found using path 'D:/SDLC_IP/user_ip/axis_sdlc_controller/component.xml'.
Scanning sources...
Finished scanning sources
CRITICAL WARNING: [Project 1-192] Failed to load run synth_1. Strategy Vivado Synthesis Defaults (Vivado Synthesis 2016) not recognized by Vivado. 

CRITICAL WARNING: [Project 1-192] Failed to load run impl_1. Strategy Vivado Implementation Defaults (Vivado Implementation 2016) not recognized by Vivado. 

CRITICAL WARNING: [Project 1-532] XML ERROR: Project Option CompiledLibDirXSim has no valid value
WARNING: [filemgmt 56-2] IP Repository Path: Could not find the directory 'E:/P_2017/SEEDCORE/RTL/V16_3/mcb_axis_sdlc_170327/ip_repo/axilite_sdlc_controller', nor could it be found using path 'D:/SDLC_IP/user_ip/axilite_sdlc_controller'.
WARNING: [filemgmt 56-2] IP Output Repository Path: Could not find the directory 'E:/P_2017/SEEDCORE/RTL/V16_3/mcb_axis_sdlc_170327/ip_repo/axis_sdlc_controller/project_1/project_1.cache/ip', nor could it be found using path 'D:/SDLC_IP/user_ip/axis_sdlc_controller/project_1/project_1.cache/ip'.
WARNING: [filemgmt 56-2] IPStaticSourceDir: Could not find the directory 'E:/P_2017/SEEDCORE/RTL/V16_3/mcb_axis_sdlc_170327/ip_repo/axis_sdlc_controller/project_1/project_1.ip_user_files/ipstatic', nor could it be found using path 'D:/SDLC_IP/user_ip/axis_sdlc_controller/project_1/project_1.ip_user_files/ipstatic'.
CRITICAL WARNING: [Project 1-505] Unrecognized Option Name DSANumComputeUnits
CRITICAL WARNING: [Project 1-505] Unrecognized Option Name WTXSimLaunchSim
CRITICAL WARNING: [Project 1-505] Unrecognized Option Name WTModelSimLaunchSim
CRITICAL WARNING: [Project 1-505] Unrecognized Option Name WTQuestaLaunchSim
CRITICAL WARNING: [Project 1-505] Unrecognized Option Name WTIesLaunchSim
CRITICAL WARNING: [Project 1-505] Unrecognized Option Name WTVcsLaunchSim
CRITICAL WARNING: [Project 1-505] Unrecognized Option Name WTRivieraLaunchSim
CRITICAL WARNING: [Project 1-505] Unrecognized Option Name WTActivehdlLaunchSim
CRITICAL WARNING: [Project 1-505] Unrecognized Option Name WTXSimExportSim
CRITICAL WARNING: [Project 1-505] Unrecognized Option Name WTModelSimExportSim
CRITICAL WARNING: [Project 1-505] Unrecognized Option Name WTQuestaExportSim
CRITICAL WARNING: [Project 1-505] Unrecognized Option Name WTIesExportSim
CRITICAL WARNING: [Project 1-505] Unrecognized Option Name WTVcsExportSim
CRITICAL WARNING: [Project 1-505] Unrecognized Option Name WTRivieraExportSim
CRITICAL WARNING: [Project 1-505] Unrecognized Option Name WTActivehdlExportSim
CRITICAL WARNING: [Project 1-505] Unrecognized Option Name GenerateIPUpgradeLog
CRITICAL WARNING: [Project 1-505] Unrecognized Option Name XSimRadix
CRITICAL WARNING: [Project 1-505] Unrecognized Option Name XSimTimeUnit
CRITICAL WARNING: [Project 1-505] Unrecognized Option Name XSimArrayDisplayLimit
CRITICAL WARNING: [Project 1-505] Unrecognized Option Name XSimTraceLimit
WARNING: [Project 1-231] Project 'project_1.xpr' was created with a future version and may or may not perform reliably with this version of Vivado. It has been opened in read-only mode for the protection of unrecognized data. Use 'File | Save Project As...' if you wish to alter a copy of the project.
INFO: [IP_Flow 19-234] Refreshing IP repositories
INFO: [IP_Flow 19-1700] Loaded user IP repository 'e:/P_2017/SEEDCORE/RTL/V16_3/mcb_axis_sdlc_170327/ip_repo/axis_sdlc_controller'.
WARNING: [IP_Flow 19-3656] If you move the project, the path for repository 'e:/P_2017/SEEDCORE/RTL/V16_3/mcb_axis_sdlc_170327/ip_repo/axis_sdlc_controller' may become invalid. A better location for the repostory would be in a path adjacent to the project. (Current project location is 'e:/P_2017/SEEDCORE/RTL/V16_3/mcb_axis_sdlc_170327/ip_repo/axis_sdlc_controller/project_1'.)
WARNING: [IP_Flow 19-2248] Failed to load user IP repository 'e:/P_2017/SEEDCORE/RTL/V16_3/mcb_axis_sdlc_170327/ip_repo/axilite_sdlc_controller'; Can't find the specified path.
If this directory should no longer be in your list of user repositories, go to the IP Settings dialog and remove it.
WARNING: [IP_Flow 19-395] Problem reading Component: see 'xilinx:coreExtensions' near line 0 in e:/P_2017/SEEDCORE/RTL/V16_3/mcb_axis_sdlc_170327/ip_repo/axi_sdlc_controller/component.xml: Bad end of element
CRITICAL WARNING: [IP_Flow 19-1977] Unable to read IP file e:/P_2017/SEEDCORE/RTL/V16_3/mcb_axis_sdlc_170327/ip_repo/axi_sdlc_controller/component.xml. This IP will not be included in the IP Catalog.
INFO: [IP_Flow 19-1700] Loaded user IP repository 'e:/P_2017/SEEDCORE/RTL/V16_3/mcb_axis_sdlc_170327/ip_repo/axi_sdlc_controller'.
WARNING: [IP_Flow 19-395] Problem reading Component: see 'xilinx:coreExtensions' near line 0 in e:/P_2017/SEEDCORE/RTL/V16_3/mcb_axis_sdlc_170327/ip_repo/sdlc_controller/component.xml: Bad end of element
CRITICAL WARNING: [IP_Flow 19-1977] Unable to read IP file e:/P_2017/SEEDCORE/RTL/V16_3/mcb_axis_sdlc_170327/ip_repo/sdlc_controller/component.xml. This IP will not be included in the IP Catalog.
INFO: [IP_Flow 19-1700] Loaded user IP repository 'e:/P_2017/SEEDCORE/RTL/V16_3/mcb_axis_sdlc_170327/ip_repo/sdlc_controller'.
INFO: [IP_Flow 19-1700] Loaded user IP repository 'e:/P_2017/SEEDCORE/RTL/V16_3/mcb_axis_sdlc_170327/ip_repo/axis_sdlc_controller/project_1/project_1.cache/ip'.
INFO: [IP_Flow 19-2313] Loaded Vivado IP repository 'C:/Xilinx/Vivado/2015.3/data/ip'.
exit
INFO: [Common 17-206] Exiting Vivado at Mon Mar 27 17:03:00 2017...
