
*** Running vivado
    with args -log signal_trig.vds -m64 -product Vivado -mode batch -messageDb vivado.pb -notrace -source signal_trig.tcl


****** Vivado v2016.4 (64-bit)
  **** SW Build 1756540 on Mon Jan 23 19:11:23 MST 2017
  **** IP Build 1755317 on Mon Jan 23 20:30:07 MST 2017
    ** Copyright 1986-2016 Xilinx, Inc. All Rights Reserved.

source signal_trig.tcl -notrace
Command: synth_design -top signal_trig -part xc7a75tfgg484-2
Starting synth_design
Attempting to get a license for feature 'Synthesis' and/or device 'xc7a75t'
INFO: [Common 17-349] Got license for feature 'Synthesis' and/or device 'xc7a75t'
INFO: Launching helper process for spawning children vivado processes
INFO: Helper process launched with PID 9548 
---------------------------------------------------------------------------------
Starting Synthesize : Time (s): cpu = 00:00:05 ; elapsed = 00:00:07 . Memory (MB): peak = 324.059 ; gain = 114.465
---------------------------------------------------------------------------------
INFO: [Synth 8-638] synthesizing module 'signal_trig' [E:/P_2017/SEEDCORE/RTL/FINAL/mcb_rel_1.0_170509/ip_repo/signal_trig/signal_trig.v:23]
INFO: [Synth 8-638] synthesizing module 'signal_trig_ngc' [E:/P_2017/SEEDCORE/RTL/FINAL/mcb_rel_1.0_170509/ip_repo/signal_trig/signal_trig_ngc.v:23]
INFO: [Synth 8-256] done synthesizing module 'signal_trig_ngc' (1#1) [E:/P_2017/SEEDCORE/RTL/FINAL/mcb_rel_1.0_170509/ip_repo/signal_trig/signal_trig_ngc.v:23]
INFO: [Synth 8-256] done synthesizing module 'signal_trig' (2#1) [E:/P_2017/SEEDCORE/RTL/FINAL/mcb_rel_1.0_170509/ip_repo/signal_trig/signal_trig.v:23]
---------------------------------------------------------------------------------
Finished Synthesize : Time (s): cpu = 00:00:05 ; elapsed = 00:00:07 . Memory (MB): peak = 360.395 ; gain = 150.801
---------------------------------------------------------------------------------
---------------------------------------------------------------------------------
Finished Constraint Validation : Time (s): cpu = 00:00:05 ; elapsed = 00:00:07 . Memory (MB): peak = 360.395 ; gain = 150.801
---------------------------------------------------------------------------------
---------------------------------------------------------------------------------
Start Loading Part and Timing Information
---------------------------------------------------------------------------------
Loading part: xc7a75tfgg484-2
---------------------------------------------------------------------------------
Finished Loading Part and Timing Information : Time (s): cpu = 00:00:05 ; elapsed = 00:00:07 . Memory (MB): peak = 360.395 ; gain = 150.801
---------------------------------------------------------------------------------
---------------------------------------------------------------------------------
Finished RTL Optimization Phase 2 : Time (s): cpu = 00:00:05 ; elapsed = 00:00:07 . Memory (MB): peak = 360.395 ; gain = 150.801
---------------------------------------------------------------------------------
INFO: [Device 21-403] Loading part xc7a75tfgg484-2

Report RTL Partitions: 
+-+--------------+------------+----------+
| |RTL Partition |Replication |Instances |
+-+--------------+------------+----------+
+-+--------------+------------+----------+
No constraint files found.
---------------------------------------------------------------------------------
Start RTL Component Statistics 
---------------------------------------------------------------------------------
Detailed RTL Component Info : 
---------------------------------------------------------------------------------
Finished RTL Component Statistics 
---------------------------------------------------------------------------------
---------------------------------------------------------------------------------
Start RTL Hierarchical Component Statistics 
---------------------------------------------------------------------------------
Hierarchical RTL Component report 
---------------------------------------------------------------------------------
Finished RTL Hierarchical Component Statistics
---------------------------------------------------------------------------------
---------------------------------------------------------------------------------
Start Part Resource Summary
---------------------------------------------------------------------------------
Part Resources:
DSPs: 180 (col length:80)
BRAMs: 210 (col length: RAMB18 80 RAMB36 40)
---------------------------------------------------------------------------------
Finished Part Resource Summary
---------------------------------------------------------------------------------
No constraint files found.
---------------------------------------------------------------------------------
Start Cross Boundary and Area Optimization
---------------------------------------------------------------------------------
---------------------------------------------------------------------------------
Finished Cross Boundary and Area Optimization : Time (s): cpu = 00:00:07 ; elapsed = 00:00:09 . Memory (MB): peak = 478.441 ; gain = 268.848
---------------------------------------------------------------------------------

Report RTL Partitions: 
+-+--------------+------------+----------+
| |RTL Partition |Replication |Instances |
+-+--------------+------------+----------+
+-+--------------+------------+----------+
---------------------------------------------------------------------------------
Start Timing Optimization
---------------------------------------------------------------------------------
No constraint files found.
---------------------------------------------------------------------------------
Finished Timing Optimization : Time (s): cpu = 00:00:07 ; elapsed = 00:00:09 . Memory (MB): peak = 478.625 ; gain = 269.031
---------------------------------------------------------------------------------

Report RTL Partitions: 
+-+--------------+------------+----------+
| |RTL Partition |Replication |Instances |
+-+--------------+------------+----------+
+-+--------------+------------+----------+
---------------------------------------------------------------------------------
Start Technology Mapping
---------------------------------------------------------------------------------
---------------------------------------------------------------------------------
Finished Technology Mapping : Time (s): cpu = 00:00:07 ; elapsed = 00:00:09 . Memory (MB): peak = 488.332 ; gain = 278.738
---------------------------------------------------------------------------------

Report RTL Partitions: 
+-+--------------+------------+----------+
| |RTL Partition |Replication |Instances |
+-+--------------+------------+----------+
+-+--------------+------------+----------+
---------------------------------------------------------------------------------
Start IO Insertion
---------------------------------------------------------------------------------
---------------------------------------------------------------------------------
Start Flattening Before IO Insertion
---------------------------------------------------------------------------------
---------------------------------------------------------------------------------
Finished Flattening Before IO Insertion
---------------------------------------------------------------------------------
---------------------------------------------------------------------------------
Start Final Netlist Cleanup
---------------------------------------------------------------------------------
---------------------------------------------------------------------------------
Finished Final Netlist Cleanup
---------------------------------------------------------------------------------
---------------------------------------------------------------------------------
Finished IO Insertion : Time (s): cpu = 00:00:08 ; elapsed = 00:00:10 . Memory (MB): peak = 488.332 ; gain = 278.738
---------------------------------------------------------------------------------

Report Check Netlist: 
+------+------------------+-------+---------+-------+------------------+
|      |Item              |Errors |Warnings |Status |Description       |
+------+------------------+-------+---------+-------+------------------+
|1     |multi_driven_nets |      0|        0|Passed |Multi driven nets |
+------+------------------+-------+---------+-------+------------------+
---------------------------------------------------------------------------------
Start Renaming Generated Instances
---------------------------------------------------------------------------------
---------------------------------------------------------------------------------
Finished Renaming Generated Instances : Time (s): cpu = 00:00:08 ; elapsed = 00:00:10 . Memory (MB): peak = 488.332 ; gain = 278.738
---------------------------------------------------------------------------------

Report RTL Partitions: 
+-+--------------+------------+----------+
| |RTL Partition |Replication |Instances |
+-+--------------+------------+----------+
+-+--------------+------------+----------+
---------------------------------------------------------------------------------
Start Rebuilding User Hierarchy
---------------------------------------------------------------------------------
---------------------------------------------------------------------------------
Finished Rebuilding User Hierarchy : Time (s): cpu = 00:00:08 ; elapsed = 00:00:10 . Memory (MB): peak = 488.332 ; gain = 278.738
---------------------------------------------------------------------------------
---------------------------------------------------------------------------------
Start Renaming Generated Ports
---------------------------------------------------------------------------------
---------------------------------------------------------------------------------
Finished Renaming Generated Ports : Time (s): cpu = 00:00:08 ; elapsed = 00:00:10 . Memory (MB): peak = 488.332 ; gain = 278.738
---------------------------------------------------------------------------------
---------------------------------------------------------------------------------
Start Handling Custom Attributes
---------------------------------------------------------------------------------
---------------------------------------------------------------------------------
Finished Handling Custom Attributes : Time (s): cpu = 00:00:08 ; elapsed = 00:00:10 . Memory (MB): peak = 488.332 ; gain = 278.738
---------------------------------------------------------------------------------
---------------------------------------------------------------------------------
Start Renaming Generated Nets
---------------------------------------------------------------------------------
---------------------------------------------------------------------------------
Finished Renaming Generated Nets : Time (s): cpu = 00:00:08 ; elapsed = 00:00:10 . Memory (MB): peak = 488.332 ; gain = 278.738
---------------------------------------------------------------------------------
---------------------------------------------------------------------------------
Start Writing Synthesis Report
---------------------------------------------------------------------------------

Report BlackBoxes: 
+------+----------------+----------+
|      |BlackBox name   |Instances |
+------+----------------+----------+
|1     |signal_trig_ngc |         1|
+------+----------------+----------+

Report Cell Usage: 
+------+----------------+------+
|      |Cell            |Count |
+------+----------------+------+
|1     |signal_trig_ngc |     1|
|2     |IBUF            |     3|
|3     |OBUF            |     1|
+------+----------------+------+

Report Instance Areas: 
+------+---------+-------+------+
|      |Instance |Module |Cells |
+------+---------+-------+------+
|1     |top      |       |     5|
+------+---------+-------+------+
---------------------------------------------------------------------------------
Finished Writing Synthesis Report : Time (s): cpu = 00:00:08 ; elapsed = 00:00:10 . Memory (MB): peak = 488.332 ; gain = 278.738
---------------------------------------------------------------------------------
Synthesis finished with 0 errors, 0 critical warnings and 0 warnings.
Synthesis Optimization Runtime : Time (s): cpu = 00:00:05 ; elapsed = 00:00:05 . Memory (MB): peak = 488.332 ; gain = 240.098
Synthesis Optimization Complete : Time (s): cpu = 00:00:08 ; elapsed = 00:00:10 . Memory (MB): peak = 488.332 ; gain = 278.738
INFO: [Project 1-571] Translating synthesized netlist
Parsing EDIF File [E:/P_2017/SEEDCORE/RTL/FINAL/mcb_rel_1.0_170509/ip_repo/signal_trig/signal_trig_ngc.edn]
Finished Parsing EDIF File [E:/P_2017/SEEDCORE/RTL/FINAL/mcb_rel_1.0_170509/ip_repo/signal_trig/signal_trig_ngc.edn]
INFO: [Netlist 29-17] Analyzing 6 Unisim elements for replacement
INFO: [Netlist 29-28] Unisim Transformation completed in 0 CPU seconds
INFO: [Project 1-479] Netlist was created with Vivado 2016.4
INFO: [Project 1-570] Preparing netlist for logic optimization
WARNING: [Opt 31-35] Removing redundant IBUF, signal_trig_ngc_i/clk_IBUF_inst, from the path connected to top-level port: clk 
Resolution: The tool has removed redundant IBUF. To resolve this warning, check for redundant IBUF in the input design.
WARNING: [Opt 31-35] Removing redundant IBUF, signal_trig_ngc_i/rst_IBUF_inst, from the path connected to top-level port: rst 
Resolution: The tool has removed redundant IBUF. To resolve this warning, check for redundant IBUF in the input design.
WARNING: [Opt 31-35] Removing redundant IBUF, signal_trig_ngc_i/trig_sig_in_IBUF_inst, from the path connected to top-level port: trig_sig_in 
Resolution: The tool has removed redundant IBUF. To resolve this warning, check for redundant IBUF in the input design.
WARNING: [Opt 31-36] Removing redundant OBUF, trig_sig_out_OBUF_inst, from the path connected to top-level port: trig_sig_out 
Resolution: The tool has removed redundant OBUF. To resolve this warning, check for redundant OBUF in the input design.
INFO: [Opt 31-138] Pushed 0 inverter(s) to 0 load pin(s).
INFO: [Project 1-111] Unisim Transformation Summary:
No Unisim elements were transformed.

INFO: [Common 17-83] Releasing license: Synthesis
16 Infos, 4 Warnings, 0 Critical Warnings and 0 Errors encountered.
synth_design completed successfully
synth_design: Time (s): cpu = 00:00:06 ; elapsed = 00:00:08 . Memory (MB): peak = 579.332 ; gain = 339.758
INFO: [Common 17-1381] The checkpoint 'E:/P_2017/SEEDCORE/RTL/FINAL/mcb_rel_1.0_170509/ip_repo/signal_trig/signal_trig_1/signal_trig_1.runs/synth_1/signal_trig.dcp' has been generated.
report_utilization: Time (s): cpu = 00:00:00 ; elapsed = 00:00:00.016 . Memory (MB): peak = 579.332 ; gain = 0.000
INFO: [Common 17-206] Exiting Vivado at Wed Jun 28 12:36:47 2017...
