#-----------------------------------------------------------
# Vivado v2018.3 (64-bit)
# SW Build 2405991 on Thu Dec  6 23:38:27 MST 2018
# IP Build 2404404 on Fri Dec  7 01:43:56 MST 2018
# Start of session at: Fri Apr 26 22:57:49 2019
# Process ID: 8412
# Current directory: C:/Xilinx/workspace/2018.3/zybo_GrabberBoard/system
# Command line: vivado.exe -gui_launcher_event rodinguilauncherevent9808 C:\Xilinx\workspace\2018.3\zybo_GrabberBoard\system\system.xpr
# Log file: C:/Xilinx/workspace/2018.3/zybo_GrabberBoard/system/vivado.log
# Journal file: C:/Xilinx/workspace/2018.3/zybo_GrabberBoard/system\vivado.jou
#-----------------------------------------------------------
start_gui
open_project C:/Xilinx/workspace/2018.3/zybo_GrabberBoard/system/system.xpr
INFO: [Project 1-313] Project file moved from '/mnt/Workspace/Xilinx/Workspace/2018.3/zybo_GrabberBoard/system' since last save.
Scanning sources...
Finished scanning sources
INFO: [IP_Flow 19-234] Refreshing IP repositories
INFO: [IP_Flow 19-1704] No user IP repositories specified
INFO: [IP_Flow 19-2313] Loaded Vivado IP repository 'C:/Xilinx/Vivado/2018.3/data/ip'.
open_project: Time (s): cpu = 00:00:16 ; elapsed = 00:00:17 . Memory (MB): peak = 749.230 ; gain = 191.488
update_compile_order -fileset sources_1
open_bd_design {C:/Xilinx/workspace/2018.3/zybo_GrabberBoard/system/system.srcs/sources_1/bd/system/system.bd}
Adding cell -- xilinx.com:ip:processing_system7:5.5 - processing_system7_0
Adding cell -- xilinx.com:ip:axi_gpio:2.0 - PL_Switch
Adding cell -- xilinx.com:ip:xlconcat:2.1 - PL2PS_IRQ
Adding cell -- xilinx.com:ip:axi_interconnect:2.1 - ps7_0_axi_periph
Adding cell -- xilinx.com:ip:axi_protocol_converter:2.1 - auto_pc
Adding cell -- xilinx.com:ip:proc_sys_reset:5.0 - rst_ps7_0_50M
Adding cell -- xilinx.com:ip:clk_wiz:6.0 - clk_wiz_0
Successfully read diagram <system> from BD file <C:/Xilinx/workspace/2018.3/zybo_GrabberBoard/system/system.srcs/sources_1/bd/system/system.bd>
open_bd_design: Time (s): cpu = 00:00:06 ; elapsed = 00:00:07 . Memory (MB): peak = 784.766 ; gain = 24.676
file mkdir C:/Xilinx/workspace/2018.3/zybo_GrabberBoard/system/system.sdk
file copy -force C:/Xilinx/workspace/2018.3/zybo_GrabberBoard/system/system.runs/impl_1/system_wrapper.sysdef C:/Xilinx/workspace/2018.3/zybo_GrabberBoard/system/system.sdk/system_wrapper.hdf

launch_sdk -workspace C:/Xilinx/workspace/2018.3/zybo_GrabberBoard/system/system.sdk -hwspec C:/Xilinx/workspace/2018.3/zybo_GrabberBoard/system/system.sdk/system_wrapper.hdf
INFO: [Vivado 12-393] Launching SDK...
INFO: [Vivado 12-417] Running xsdk -workspace C:/Xilinx/workspace/2018.3/zybo_GrabberBoard/system/system.sdk -hwspec C:/Xilinx/workspace/2018.3/zybo_GrabberBoard/system/system.sdk/system_wrapper.hdf
INFO: [Vivado 12-3157] SDK launch initiated. Please check console for any further messages.
exit
INFO: [Common 17-206] Exiting Vivado at Fri Apr 26 23:17:29 2019...
