Copyright 1986-2018 Xilinx, Inc. All Rights Reserved.
------------------------------------------------------------------------------------------------------------------------------------
| Tool Version : Vivado v.2018.3 (win64) Build 2405991 Thu Dec  6 23:38:27 MST 2018
| Date         : Sat May  4 13:01:18 2019
| Host         : ALICE354D running 64-bit major release  (build 9200)
| Command      : report_drc -file system_wrapper_drc_routed.rpt -pb system_wrapper_drc_routed.pb -rpx system_wrapper_drc_routed.rpx
| Design       : system_wrapper
| Device       : xc7z010clg400-1
| Speed File   : -1
| Design State : Fully Routed
------------------------------------------------------------------------------------------------------------------------------------

Report DRC

Table of Contents
-----------------
1. REPORT SUMMARY
2. REPORT DETAILS

1. REPORT SUMMARY
-----------------
            Netlist: netlist
          Floorplan: design_1
      Design limits: <entire design considered>
           Ruledeck: default
             Max violations: <unlimited>
             Violations found: 61
+-----------+----------+----------------------------+------------+
| Rule      | Severity | Description                | Violations |
+-----------+----------+----------------------------+------------+
| CHECK-3   | Warning  | Report rule limit reached  | 2          |
| DPIP-1    | Warning  | Input pipelining           | 6          |
| DPOP-1    | Warning  | PREG Output pipelining     | 2          |
| DPOP-2    | Warning  | MREG Output pipelining     | 7          |
| REQP-1839 | Warning  | RAMB36 async control check | 20         |
| REQP-1840 | Warning  | RAMB18 async control check | 20         |
| RTSTAT-10 | Warning  | No routable loads          | 1          |
| REQP-181  | Advisory | writefirst                 | 3          |
+-----------+----------+----------------------------+------------+

2. REPORT DETAILS
-----------------
CHECK-3#1 Warning
Report rule limit reached  
REQP-1839 rule limit reached: 20 violations have been found.
Related violations: <none>

CHECK-3#2 Warning
Report rule limit reached  
REQP-1840 rule limit reached: 20 violations have been found.
Related violations: <none>

DPIP-1#1 Warning
Input pipelining  
DSP system_i/TPG/v_tpg/inst/tpgBackground_U0/grp_tpgPatternRainbow_fu_429/tmp2_reg_690_reg input system_i/TPG/v_tpg/inst/tpgBackground_U0/grp_tpgPatternRainbow_fu_429/tmp2_reg_690_reg/A[29:0] is not pipelined. Pipelining DSP48 input will improve performance.
Related violations: <none>

DPIP-1#2 Warning
Input pipelining  
DSP system_i/TPG/v_tpg/inst/tpgBackground_U0/grp_tpgPatternRainbow_fu_429/tmp_207_cast_reg_695_reg input system_i/TPG/v_tpg/inst/tpgBackground_U0/grp_tpgPatternRainbow_fu_429/tmp_207_cast_reg_695_reg/A[29:0] is not pipelined. Pipelining DSP48 input will improve performance.
Related violations: <none>

DPIP-1#3 Warning
Input pipelining  
DSP system_i/TPG/v_tpg/inst/tpgBackground_U0/grp_tpgPatternRainbow_fu_429/tmp_62_reg_685_reg input system_i/TPG/v_tpg/inst/tpgBackground_U0/grp_tpgPatternRainbow_fu_429/tmp_62_reg_685_reg/A[29:0] is not pipelined. Pipelining DSP48 input will improve performance.
Related violations: <none>

DPIP-1#4 Warning
Input pipelining  
DSP system_i/TPG/v_tpg/inst/tpgBackground_U0/grp_tpgPatternRainbow_fu_429/tmp_63_reg_705_reg input system_i/TPG/v_tpg/inst/tpgBackground_U0/grp_tpgPatternRainbow_fu_429/tmp_63_reg_705_reg/C[47:0] is not pipelined. Pipelining DSP48 input will improve performance.
Related violations: <none>

DPIP-1#5 Warning
Input pipelining  
DSP system_i/TPG/v_tpg/inst/tpgBackground_U0/grp_tpgPatternRainbow_fu_429/v_tpg_mac_muladd_Bew_U43/system_v_tpg_0_0_v_tpg_mac_muladd_Bew_DSP48_5_U/p input system_i/TPG/v_tpg/inst/tpgBackground_U0/grp_tpgPatternRainbow_fu_429/v_tpg_mac_muladd_Bew_U43/system_v_tpg_0_0_v_tpg_mac_muladd_Bew_DSP48_5_U/p/C[47:0] is not pipelined. Pipelining DSP48 input will improve performance.
Related violations: <none>

DPIP-1#6 Warning
Input pipelining  
DSP system_i/TPG/v_tpg/inst/tpgBackground_U0/grp_tpgPatternZonePlate_fu_483/v_tpg_mac_muladd_OgC_U70/system_v_tpg_0_0_v_tpg_mac_muladd_OgC_DSP48_8_U/p input system_i/TPG/v_tpg/inst/tpgBackground_U0/grp_tpgPatternZonePlate_fu_483/v_tpg_mac_muladd_OgC_U70/system_v_tpg_0_0_v_tpg_mac_muladd_OgC_DSP48_8_U/p/B[17:0] is not pipelined. Pipelining DSP48 input will improve performance.
Related violations: <none>

DPOP-1#1 Warning
PREG Output pipelining  
DSP system_i/TPG/v_tpg/inst/tpgBackground_U0/grp_tpgPatternRainbow_fu_429/v_tpg_mac_muladd_Bew_U43/system_v_tpg_0_0_v_tpg_mac_muladd_Bew_DSP48_5_U/p output system_i/TPG/v_tpg/inst/tpgBackground_U0/grp_tpgPatternRainbow_fu_429/v_tpg_mac_muladd_Bew_U43/system_v_tpg_0_0_v_tpg_mac_muladd_Bew_DSP48_5_U/p/P[47:0] is not pipelined (PREG=0). Pipelining the DSP48 output will improve performance and often saves power so it is suggested whenever possible to fully pipeline this function.  If this DSP48 function was inferred, it is suggested to describe an additional register stage after this function.  If the DSP48 was instantiated in the design, it is suggested to set the PREG attribute to 1.
Related violations: <none>

DPOP-1#2 Warning
PREG Output pipelining  
DSP system_i/TPG/v_tpg/inst/tpgBackground_U0/grp_tpgPatternZonePlate_fu_483/v_tpg_mac_muladd_OgC_U70/system_v_tpg_0_0_v_tpg_mac_muladd_OgC_DSP48_8_U/p output system_i/TPG/v_tpg/inst/tpgBackground_U0/grp_tpgPatternZonePlate_fu_483/v_tpg_mac_muladd_OgC_U70/system_v_tpg_0_0_v_tpg_mac_muladd_OgC_DSP48_8_U/p/P[47:0] is not pipelined (PREG=0). Pipelining the DSP48 output will improve performance and often saves power so it is suggested whenever possible to fully pipeline this function.  If this DSP48 function was inferred, it is suggested to describe an additional register stage after this function.  If the DSP48 was instantiated in the design, it is suggested to set the PREG attribute to 1.
Related violations: <none>

DPOP-2#1 Warning
MREG Output pipelining  
DSP system_i/TPG/v_tpg/inst/tpgBackground_U0/grp_tpgPatternRainbow_fu_429/tmp4_reg_715_reg multiplier stage system_i/TPG/v_tpg/inst/tpgBackground_U0/grp_tpgPatternRainbow_fu_429/tmp4_reg_715_reg/P[47:0] is not pipelined (MREG=0). Pipelining the multiplier function will improve performance and will save significant power so it is suggested whenever possible to fully pipeline this function.  If this multiplier was inferred, it is suggested to describe an additional register stage after this function.  If there is no registered adder/accumulator following the multiply function, two pipeline stages are suggested to allow both the MREG and PREG registers to be used.  If the DSP48 was instantiated in the design, it is suggested to set both the MREG and PREG attributes to 1 when performing multiply functions.
Related violations: <none>

DPOP-2#2 Warning
MREG Output pipelining  
DSP system_i/TPG/v_tpg/inst/tpgBackground_U0/grp_tpgPatternRainbow_fu_429/tmp_62_reg_685_reg multiplier stage system_i/TPG/v_tpg/inst/tpgBackground_U0/grp_tpgPatternRainbow_fu_429/tmp_62_reg_685_reg/P[47:0] is not pipelined (MREG=0). Pipelining the multiplier function will improve performance and will save significant power so it is suggested whenever possible to fully pipeline this function.  If this multiplier was inferred, it is suggested to describe an additional register stage after this function.  If there is no registered adder/accumulator following the multiply function, two pipeline stages are suggested to allow both the MREG and PREG registers to be used.  If the DSP48 was instantiated in the design, it is suggested to set both the MREG and PREG attributes to 1 when performing multiply functions.
Related violations: <none>

DPOP-2#3 Warning
MREG Output pipelining  
DSP system_i/TPG/v_tpg/inst/tpgBackground_U0/grp_tpgPatternRainbow_fu_429/tmp_63_reg_705_reg multiplier stage system_i/TPG/v_tpg/inst/tpgBackground_U0/grp_tpgPatternRainbow_fu_429/tmp_63_reg_705_reg/P[47:0] is not pipelined (MREG=0). Pipelining the multiplier function will improve performance and will save significant power so it is suggested whenever possible to fully pipeline this function.  If this multiplier was inferred, it is suggested to describe an additional register stage after this function.  If there is no registered adder/accumulator following the multiply function, two pipeline stages are suggested to allow both the MREG and PREG registers to be used.  If the DSP48 was instantiated in the design, it is suggested to set both the MREG and PREG attributes to 1 when performing multiply functions.
Related violations: <none>

DPOP-2#4 Warning
MREG Output pipelining  
DSP system_i/TPG/v_tpg/inst/tpgBackground_U0/grp_tpgPatternRainbow_fu_429/tmp_67_reg_710_reg multiplier stage system_i/TPG/v_tpg/inst/tpgBackground_U0/grp_tpgPatternRainbow_fu_429/tmp_67_reg_710_reg/P[47:0] is not pipelined (MREG=0). Pipelining the multiplier function will improve performance and will save significant power so it is suggested whenever possible to fully pipeline this function.  If this multiplier was inferred, it is suggested to describe an additional register stage after this function.  If there is no registered adder/accumulator following the multiply function, two pipeline stages are suggested to allow both the MREG and PREG registers to be used.  If the DSP48 was instantiated in the design, it is suggested to set both the MREG and PREG attributes to 1 when performing multiply functions.
Related violations: <none>

DPOP-2#5 Warning
MREG Output pipelining  
DSP system_i/TPG/v_tpg/inst/tpgBackground_U0/grp_tpgPatternRainbow_fu_429/v_tpg_mac_muladd_Bew_U43/system_v_tpg_0_0_v_tpg_mac_muladd_Bew_DSP48_5_U/p multiplier stage system_i/TPG/v_tpg/inst/tpgBackground_U0/grp_tpgPatternRainbow_fu_429/v_tpg_mac_muladd_Bew_U43/system_v_tpg_0_0_v_tpg_mac_muladd_Bew_DSP48_5_U/p/P[47:0] is not pipelined (MREG=0). Pipelining the multiplier function will improve performance and will save significant power so it is suggested whenever possible to fully pipeline this function.  If this multiplier was inferred, it is suggested to describe an additional register stage after this function.  If there is no registered adder/accumulator following the multiply function, two pipeline stages are suggested to allow both the MREG and PREG registers to be used.  If the DSP48 was instantiated in the design, it is suggested to set both the MREG and PREG attributes to 1 when performing multiply functions.
Related violations: <none>

DPOP-2#6 Warning
MREG Output pipelining  
DSP system_i/TPG/v_tpg/inst/tpgBackground_U0/grp_tpgPatternZonePlate_fu_483/tmp_23_reg_453_reg multiplier stage system_i/TPG/v_tpg/inst/tpgBackground_U0/grp_tpgPatternZonePlate_fu_483/tmp_23_reg_453_reg/P[47:0] is not pipelined (MREG=0). Pipelining the multiplier function will improve performance and will save significant power so it is suggested whenever possible to fully pipeline this function.  If this multiplier was inferred, it is suggested to describe an additional register stage after this function.  If there is no registered adder/accumulator following the multiply function, two pipeline stages are suggested to allow both the MREG and PREG registers to be used.  If the DSP48 was instantiated in the design, it is suggested to set both the MREG and PREG attributes to 1 when performing multiply functions.
Related violations: <none>

DPOP-2#7 Warning
MREG Output pipelining  
DSP system_i/TPG/v_tpg/inst/tpgBackground_U0/grp_tpgPatternZonePlate_fu_483/v_tpg_mac_muladd_OgC_U70/system_v_tpg_0_0_v_tpg_mac_muladd_OgC_DSP48_8_U/p multiplier stage system_i/TPG/v_tpg/inst/tpgBackground_U0/grp_tpgPatternZonePlate_fu_483/v_tpg_mac_muladd_OgC_U70/system_v_tpg_0_0_v_tpg_mac_muladd_OgC_DSP48_8_U/p/P[47:0] is not pipelined (MREG=0). Pipelining the multiplier function will improve performance and will save significant power so it is suggested whenever possible to fully pipeline this function.  If this multiplier was inferred, it is suggested to describe an additional register stage after this function.  If there is no registered adder/accumulator following the multiply function, two pipeline stages are suggested to allow both the MREG and PREG registers to be used.  If the DSP48 was instantiated in the design, it is suggested to set both the MREG and PREG attributes to 1 when performing multiply functions.
Related violations: <none>

REQP-1839#1 Warning
RAMB36 async control check  
The RAMB36E1 system_i/TPG/v_tpg/inst/tpgBackground_U0/grp_tpgPatternZonePlate_fu_483/tmp_15_reg_432_reg_0 has an input control pin system_i/TPG/v_tpg/inst/tpgBackground_U0/grp_tpgPatternZonePlate_fu_483/tmp_15_reg_432_reg_0/ADDRARDADDR[12] (net: system_i/TPG/v_tpg/inst/tpgBackground_U0/grp_tpgPatternZonePlate_fu_483/v_tpg_mac_muladd_OgC_U70_n_4) which is driven by a register (system_i/vdma_in_s2mm/axi_s2mm_interconnect/s00_couplers/auto_pc/inst/gen_axi4_axi3.axi3_conv_inst/USE_WRITE.write_addr_inst/USE_BURSTS.cmd_queue/inst/fifo_gen_inst/inst_fifo_gen/gconvfifo.rf/grf.rf/gntv_or_sync_fifo.gl0.rd/gr1.gr1_int.rfwft/empty_fwft_i_reg) that has an active asychronous set or reset. This may cause corruption of the memory contents and/or read values when the set/reset is asserted and is not analyzed by the default static timing analysis. It is suggested to eliminate the use of a set/reset to registers driving this RAMB pin or else use a synchronous reset in which the assertion of the reset is timed by default.
Related violations: <none>

REQP-1839#2 Warning
RAMB36 async control check  
The RAMB36E1 system_i/TPG/v_tpg/inst/tpgBackground_U0/grp_tpgPatternZonePlate_fu_483/tmp_15_reg_432_reg_0 has an input control pin system_i/TPG/v_tpg/inst/tpgBackground_U0/grp_tpgPatternZonePlate_fu_483/tmp_15_reg_432_reg_0/ADDRARDADDR[12] (net: system_i/TPG/v_tpg/inst/tpgBackground_U0/grp_tpgPatternZonePlate_fu_483/v_tpg_mac_muladd_OgC_U70_n_4) which is driven by a register (system_i/vdma_in_s2mm/axi_s2mm_interconnect/s00_couplers/auto_pc/inst/gen_axi4_axi3.axi3_conv_inst/USE_WRITE.write_addr_inst/USE_BURSTS.cmd_queue/inst/fifo_gen_inst/inst_fifo_gen/gconvfifo.rf/grf.rf/gntv_or_sync_fifo.gl0.wr/gwss.wsts/ram_full_i_reg) that has an active asychronous set or reset. This may cause corruption of the memory contents and/or read values when the set/reset is asserted and is not analyzed by the default static timing analysis. It is suggested to eliminate the use of a set/reset to registers driving this RAMB pin or else use a synchronous reset in which the assertion of the reset is timed by default.
Related violations: <none>

REQP-1839#3 Warning
RAMB36 async control check  
The RAMB36E1 system_i/TPG/v_tpg/inst/tpgBackground_U0/grp_tpgPatternZonePlate_fu_483/tmp_15_reg_432_reg_0 has an input control pin system_i/TPG/v_tpg/inst/tpgBackground_U0/grp_tpgPatternZonePlate_fu_483/tmp_15_reg_432_reg_0/ADDRARDADDR[12] (net: system_i/TPG/v_tpg/inst/tpgBackground_U0/grp_tpgPatternZonePlate_fu_483/v_tpg_mac_muladd_OgC_U70_n_4) which is driven by a register (system_i/vdma_in_s2mm/axi_s2mm_interconnect/s00_couplers/auto_pc/inst/gen_axi4_axi3.axi3_conv_inst/USE_WRITE.write_addr_inst/USE_B_CHANNEL.cmd_b_queue/inst/fifo_gen_inst/inst_fifo_gen/gconvfifo.rf/grf.rf/gntv_or_sync_fifo.gl0.wr/gwss.wsts/ram_full_i_reg) that has an active asychronous set or reset. This may cause corruption of the memory contents and/or read values when the set/reset is asserted and is not analyzed by the default static timing analysis. It is suggested to eliminate the use of a set/reset to registers driving this RAMB pin or else use a synchronous reset in which the assertion of the reset is timed by default.
Related violations: <none>

REQP-1839#4 Warning
RAMB36 async control check  
The RAMB36E1 system_i/TPG/v_tpg/inst/tpgBackground_U0/grp_tpgPatternZonePlate_fu_483/tmp_15_reg_432_reg_0 has an input control pin system_i/TPG/v_tpg/inst/tpgBackground_U0/grp_tpgPatternZonePlate_fu_483/tmp_15_reg_432_reg_0/ADDRARDADDR[12] (net: system_i/TPG/v_tpg/inst/tpgBackground_U0/grp_tpgPatternZonePlate_fu_483/v_tpg_mac_muladd_OgC_U70_n_4) which is driven by a register (system_i/vdma_out_mm2s/axi_mm2s_interconnect/s00_couplers/auto_pc/inst/gen_axi4_axi3.axi3_conv_inst/USE_READ.USE_SPLIT_R.read_addr_inst/USE_R_CHANNEL.cmd_queue/inst/fifo_gen_inst/inst_fifo_gen/gconvfifo.rf/grf.rf/gntv_or_sync_fifo.gl0.rd/gr1.gr1_int.rfwft/empty_fwft_i_reg) that has an active asychronous set or reset. This may cause corruption of the memory contents and/or read values when the set/reset is asserted and is not analyzed by the default static timing analysis. It is suggested to eliminate the use of a set/reset to registers driving this RAMB pin or else use a synchronous reset in which the assertion of the reset is timed by default.
Related violations: <none>

REQP-1839#5 Warning
RAMB36 async control check  
The RAMB36E1 system_i/TPG/v_tpg/inst/tpgBackground_U0/grp_tpgPatternZonePlate_fu_483/tmp_15_reg_432_reg_0 has an input control pin system_i/TPG/v_tpg/inst/tpgBackground_U0/grp_tpgPatternZonePlate_fu_483/tmp_15_reg_432_reg_0/ADDRARDADDR[12] (net: system_i/TPG/v_tpg/inst/tpgBackground_U0/grp_tpgPatternZonePlate_fu_483/v_tpg_mac_muladd_OgC_U70_n_4) which is driven by a register (system_i/vdma_out_mm2s/axi_mm2s_interconnect/s00_couplers/auto_pc/inst/gen_axi4_axi3.axi3_conv_inst/USE_READ.USE_SPLIT_R.read_addr_inst/USE_R_CHANNEL.cmd_queue/inst/fifo_gen_inst/inst_fifo_gen/gconvfifo.rf/grf.rf/gntv_or_sync_fifo.gl0.wr/gwss.wsts/ram_full_i_reg) that has an active asychronous set or reset. This may cause corruption of the memory contents and/or read values when the set/reset is asserted and is not analyzed by the default static timing analysis. It is suggested to eliminate the use of a set/reset to registers driving this RAMB pin or else use a synchronous reset in which the assertion of the reset is timed by default.
Related violations: <none>

REQP-1839#6 Warning
RAMB36 async control check  
The RAMB36E1 system_i/TPG/v_tpg/inst/tpgBackground_U0/grp_tpgPatternZonePlate_fu_483/tmp_15_reg_432_reg_0 has an input control pin system_i/TPG/v_tpg/inst/tpgBackground_U0/grp_tpgPatternZonePlate_fu_483/tmp_15_reg_432_reg_0/ADDRARDADDR[12] (net: system_i/TPG/v_tpg/inst/tpgBackground_U0/grp_tpgPatternZonePlate_fu_483/v_tpg_mac_muladd_OgC_U70_n_4) which is driven by a register (system_i/vdma_out_mm2s_user/axi_mm2s_interconnect/s00_couplers/auto_pc/inst/gen_axi4_axi3.axi3_conv_inst/USE_READ.USE_SPLIT_R.read_addr_inst/USE_R_CHANNEL.cmd_queue/inst/fifo_gen_inst/inst_fifo_gen/gconvfifo.rf/grf.rf/gntv_or_sync_fifo.gl0.rd/gr1.gr1_int.rfwft/empty_fwft_i_reg) that has an active asychronous set or reset. This may cause corruption of the memory contents and/or read values when the set/reset is asserted and is not analyzed by the default static timing analysis. It is suggested to eliminate the use of a set/reset to registers driving this RAMB pin or else use a synchronous reset in which the assertion of the reset is timed by default.
Related violations: <none>

REQP-1839#7 Warning
RAMB36 async control check  
The RAMB36E1 system_i/TPG/v_tpg/inst/tpgBackground_U0/grp_tpgPatternZonePlate_fu_483/tmp_15_reg_432_reg_0 has an input control pin system_i/TPG/v_tpg/inst/tpgBackground_U0/grp_tpgPatternZonePlate_fu_483/tmp_15_reg_432_reg_0/ADDRARDADDR[13] (net: system_i/TPG/v_tpg/inst/tpgBackground_U0/grp_tpgPatternZonePlate_fu_483/v_tpg_mac_muladd_OgC_U70_n_3) which is driven by a register (system_i/vdma_in_s2mm/axi_s2mm_interconnect/s00_couplers/auto_pc/inst/gen_axi4_axi3.axi3_conv_inst/USE_WRITE.write_addr_inst/USE_BURSTS.cmd_queue/inst/fifo_gen_inst/inst_fifo_gen/gconvfifo.rf/grf.rf/gntv_or_sync_fifo.gl0.rd/gr1.gr1_int.rfwft/empty_fwft_i_reg) that has an active asychronous set or reset. This may cause corruption of the memory contents and/or read values when the set/reset is asserted and is not analyzed by the default static timing analysis. It is suggested to eliminate the use of a set/reset to registers driving this RAMB pin or else use a synchronous reset in which the assertion of the reset is timed by default.
Related violations: <none>

REQP-1839#8 Warning
RAMB36 async control check  
The RAMB36E1 system_i/TPG/v_tpg/inst/tpgBackground_U0/grp_tpgPatternZonePlate_fu_483/tmp_15_reg_432_reg_0 has an input control pin system_i/TPG/v_tpg/inst/tpgBackground_U0/grp_tpgPatternZonePlate_fu_483/tmp_15_reg_432_reg_0/ADDRARDADDR[13] (net: system_i/TPG/v_tpg/inst/tpgBackground_U0/grp_tpgPatternZonePlate_fu_483/v_tpg_mac_muladd_OgC_U70_n_3) which is driven by a register (system_i/vdma_in_s2mm/axi_s2mm_interconnect/s00_couplers/auto_pc/inst/gen_axi4_axi3.axi3_conv_inst/USE_WRITE.write_addr_inst/USE_BURSTS.cmd_queue/inst/fifo_gen_inst/inst_fifo_gen/gconvfifo.rf/grf.rf/gntv_or_sync_fifo.gl0.wr/gwss.wsts/ram_full_i_reg) that has an active asychronous set or reset. This may cause corruption of the memory contents and/or read values when the set/reset is asserted and is not analyzed by the default static timing analysis. It is suggested to eliminate the use of a set/reset to registers driving this RAMB pin or else use a synchronous reset in which the assertion of the reset is timed by default.
Related violations: <none>

REQP-1839#9 Warning
RAMB36 async control check  
The RAMB36E1 system_i/TPG/v_tpg/inst/tpgBackground_U0/grp_tpgPatternZonePlate_fu_483/tmp_15_reg_432_reg_0 has an input control pin system_i/TPG/v_tpg/inst/tpgBackground_U0/grp_tpgPatternZonePlate_fu_483/tmp_15_reg_432_reg_0/ADDRARDADDR[13] (net: system_i/TPG/v_tpg/inst/tpgBackground_U0/grp_tpgPatternZonePlate_fu_483/v_tpg_mac_muladd_OgC_U70_n_3) which is driven by a register (system_i/vdma_in_s2mm/axi_s2mm_interconnect/s00_couplers/auto_pc/inst/gen_axi4_axi3.axi3_conv_inst/USE_WRITE.write_addr_inst/USE_B_CHANNEL.cmd_b_queue/inst/fifo_gen_inst/inst_fifo_gen/gconvfifo.rf/grf.rf/gntv_or_sync_fifo.gl0.wr/gwss.wsts/ram_full_i_reg) that has an active asychronous set or reset. This may cause corruption of the memory contents and/or read values when the set/reset is asserted and is not analyzed by the default static timing analysis. It is suggested to eliminate the use of a set/reset to registers driving this RAMB pin or else use a synchronous reset in which the assertion of the reset is timed by default.
Related violations: <none>

REQP-1839#10 Warning
RAMB36 async control check  
The RAMB36E1 system_i/TPG/v_tpg/inst/tpgBackground_U0/grp_tpgPatternZonePlate_fu_483/tmp_15_reg_432_reg_0 has an input control pin system_i/TPG/v_tpg/inst/tpgBackground_U0/grp_tpgPatternZonePlate_fu_483/tmp_15_reg_432_reg_0/ADDRARDADDR[13] (net: system_i/TPG/v_tpg/inst/tpgBackground_U0/grp_tpgPatternZonePlate_fu_483/v_tpg_mac_muladd_OgC_U70_n_3) which is driven by a register (system_i/vdma_out_mm2s/axi_mm2s_interconnect/s00_couplers/auto_pc/inst/gen_axi4_axi3.axi3_conv_inst/USE_READ.USE_SPLIT_R.read_addr_inst/USE_R_CHANNEL.cmd_queue/inst/fifo_gen_inst/inst_fifo_gen/gconvfifo.rf/grf.rf/gntv_or_sync_fifo.gl0.rd/gr1.gr1_int.rfwft/empty_fwft_i_reg) that has an active asychronous set or reset. This may cause corruption of the memory contents and/or read values when the set/reset is asserted and is not analyzed by the default static timing analysis. It is suggested to eliminate the use of a set/reset to registers driving this RAMB pin or else use a synchronous reset in which the assertion of the reset is timed by default.
Related violations: <none>

REQP-1839#11 Warning
RAMB36 async control check  
The RAMB36E1 system_i/TPG/v_tpg/inst/tpgBackground_U0/grp_tpgPatternZonePlate_fu_483/tmp_15_reg_432_reg_0 has an input control pin system_i/TPG/v_tpg/inst/tpgBackground_U0/grp_tpgPatternZonePlate_fu_483/tmp_15_reg_432_reg_0/ADDRARDADDR[13] (net: system_i/TPG/v_tpg/inst/tpgBackground_U0/grp_tpgPatternZonePlate_fu_483/v_tpg_mac_muladd_OgC_U70_n_3) which is driven by a register (system_i/vdma_out_mm2s/axi_mm2s_interconnect/s00_couplers/auto_pc/inst/gen_axi4_axi3.axi3_conv_inst/USE_READ.USE_SPLIT_R.read_addr_inst/USE_R_CHANNEL.cmd_queue/inst/fifo_gen_inst/inst_fifo_gen/gconvfifo.rf/grf.rf/gntv_or_sync_fifo.gl0.wr/gwss.wsts/ram_full_i_reg) that has an active asychronous set or reset. This may cause corruption of the memory contents and/or read values when the set/reset is asserted and is not analyzed by the default static timing analysis. It is suggested to eliminate the use of a set/reset to registers driving this RAMB pin or else use a synchronous reset in which the assertion of the reset is timed by default.
Related violations: <none>

REQP-1839#12 Warning
RAMB36 async control check  
The RAMB36E1 system_i/TPG/v_tpg/inst/tpgBackground_U0/grp_tpgPatternZonePlate_fu_483/tmp_15_reg_432_reg_0 has an input control pin system_i/TPG/v_tpg/inst/tpgBackground_U0/grp_tpgPatternZonePlate_fu_483/tmp_15_reg_432_reg_0/ADDRARDADDR[13] (net: system_i/TPG/v_tpg/inst/tpgBackground_U0/grp_tpgPatternZonePlate_fu_483/v_tpg_mac_muladd_OgC_U70_n_3) which is driven by a register (system_i/vdma_out_mm2s_user/axi_mm2s_interconnect/s00_couplers/auto_pc/inst/gen_axi4_axi3.axi3_conv_inst/USE_READ.USE_SPLIT_R.read_addr_inst/USE_R_CHANNEL.cmd_queue/inst/fifo_gen_inst/inst_fifo_gen/gconvfifo.rf/grf.rf/gntv_or_sync_fifo.gl0.rd/gr1.gr1_int.rfwft/empty_fwft_i_reg) that has an active asychronous set or reset. This may cause corruption of the memory contents and/or read values when the set/reset is asserted and is not analyzed by the default static timing analysis. It is suggested to eliminate the use of a set/reset to registers driving this RAMB pin or else use a synchronous reset in which the assertion of the reset is timed by default.
Related violations: <none>

REQP-1839#13 Warning
RAMB36 async control check  
The RAMB36E1 system_i/TPG/v_tpg/inst/tpgBackground_U0/grp_tpgPatternZonePlate_fu_483/tmp_15_reg_432_reg_0 has an input control pin system_i/TPG/v_tpg/inst/tpgBackground_U0/grp_tpgPatternZonePlate_fu_483/tmp_15_reg_432_reg_0/ADDRARDADDR[13] (net: system_i/TPG/v_tpg/inst/tpgBackground_U0/grp_tpgPatternZonePlate_fu_483/v_tpg_mac_muladd_OgC_U70_n_3) which is driven by a register (system_i/vdma_out_mm2s_user/axi_mm2s_interconnect/s00_couplers/auto_pc/inst/gen_axi4_axi3.axi3_conv_inst/USE_READ.USE_SPLIT_R.read_addr_inst/USE_R_CHANNEL.cmd_queue/inst/fifo_gen_inst/inst_fifo_gen/gconvfifo.rf/grf.rf/gntv_or_sync_fifo.gl0.wr/gwss.wsts/ram_full_i_reg) that has an active asychronous set or reset. This may cause corruption of the memory contents and/or read values when the set/reset is asserted and is not analyzed by the default static timing analysis. It is suggested to eliminate the use of a set/reset to registers driving this RAMB pin or else use a synchronous reset in which the assertion of the reset is timed by default.
Related violations: <none>

REQP-1839#14 Warning
RAMB36 async control check  
The RAMB36E1 system_i/TPG/v_tpg/inst/tpgBackground_U0/grp_tpgPatternZonePlate_fu_483/tmp_15_reg_432_reg_0 has an input control pin system_i/TPG/v_tpg/inst/tpgBackground_U0/grp_tpgPatternZonePlate_fu_483/tmp_15_reg_432_reg_0/ADDRARDADDR[14] (net: system_i/TPG/v_tpg/inst/tpgBackground_U0/grp_tpgPatternZonePlate_fu_483/v_tpg_mac_muladd_OgC_U70_n_2) which is driven by a register (system_i/vdma_in_s2mm/axi_s2mm_interconnect/s00_couplers/auto_pc/inst/gen_axi4_axi3.axi3_conv_inst/USE_WRITE.write_addr_inst/USE_BURSTS.cmd_queue/inst/fifo_gen_inst/inst_fifo_gen/gconvfifo.rf/grf.rf/gntv_or_sync_fifo.gl0.rd/gr1.gr1_int.rfwft/empty_fwft_i_reg) that has an active asychronous set or reset. This may cause corruption of the memory contents and/or read values when the set/reset is asserted and is not analyzed by the default static timing analysis. It is suggested to eliminate the use of a set/reset to registers driving this RAMB pin or else use a synchronous reset in which the assertion of the reset is timed by default.
Related violations: <none>

REQP-1839#15 Warning
RAMB36 async control check  
The RAMB36E1 system_i/TPG/v_tpg/inst/tpgBackground_U0/grp_tpgPatternZonePlate_fu_483/tmp_15_reg_432_reg_0 has an input control pin system_i/TPG/v_tpg/inst/tpgBackground_U0/grp_tpgPatternZonePlate_fu_483/tmp_15_reg_432_reg_0/ADDRARDADDR[14] (net: system_i/TPG/v_tpg/inst/tpgBackground_U0/grp_tpgPatternZonePlate_fu_483/v_tpg_mac_muladd_OgC_U70_n_2) which is driven by a register (system_i/vdma_in_s2mm/axi_s2mm_interconnect/s00_couplers/auto_pc/inst/gen_axi4_axi3.axi3_conv_inst/USE_WRITE.write_addr_inst/USE_BURSTS.cmd_queue/inst/fifo_gen_inst/inst_fifo_gen/gconvfifo.rf/grf.rf/gntv_or_sync_fifo.gl0.wr/gwss.wsts/ram_full_i_reg) that has an active asychronous set or reset. This may cause corruption of the memory contents and/or read values when the set/reset is asserted and is not analyzed by the default static timing analysis. It is suggested to eliminate the use of a set/reset to registers driving this RAMB pin or else use a synchronous reset in which the assertion of the reset is timed by default.
Related violations: <none>

REQP-1839#16 Warning
RAMB36 async control check  
The RAMB36E1 system_i/TPG/v_tpg/inst/tpgBackground_U0/grp_tpgPatternZonePlate_fu_483/tmp_15_reg_432_reg_0 has an input control pin system_i/TPG/v_tpg/inst/tpgBackground_U0/grp_tpgPatternZonePlate_fu_483/tmp_15_reg_432_reg_0/ADDRARDADDR[14] (net: system_i/TPG/v_tpg/inst/tpgBackground_U0/grp_tpgPatternZonePlate_fu_483/v_tpg_mac_muladd_OgC_U70_n_2) which is driven by a register (system_i/vdma_in_s2mm/axi_s2mm_interconnect/s00_couplers/auto_pc/inst/gen_axi4_axi3.axi3_conv_inst/USE_WRITE.write_addr_inst/USE_B_CHANNEL.cmd_b_queue/inst/fifo_gen_inst/inst_fifo_gen/gconvfifo.rf/grf.rf/gntv_or_sync_fifo.gl0.wr/gwss.wsts/ram_full_i_reg) that has an active asychronous set or reset. This may cause corruption of the memory contents and/or read values when the set/reset is asserted and is not analyzed by the default static timing analysis. It is suggested to eliminate the use of a set/reset to registers driving this RAMB pin or else use a synchronous reset in which the assertion of the reset is timed by default.
Related violations: <none>

REQP-1839#17 Warning
RAMB36 async control check  
The RAMB36E1 system_i/TPG/v_tpg/inst/tpgBackground_U0/grp_tpgPatternZonePlate_fu_483/tmp_15_reg_432_reg_0 has an input control pin system_i/TPG/v_tpg/inst/tpgBackground_U0/grp_tpgPatternZonePlate_fu_483/tmp_15_reg_432_reg_0/ADDRARDADDR[14] (net: system_i/TPG/v_tpg/inst/tpgBackground_U0/grp_tpgPatternZonePlate_fu_483/v_tpg_mac_muladd_OgC_U70_n_2) which is driven by a register (system_i/vdma_out_mm2s/axi_mm2s_interconnect/s00_couplers/auto_pc/inst/gen_axi4_axi3.axi3_conv_inst/USE_READ.USE_SPLIT_R.read_addr_inst/USE_R_CHANNEL.cmd_queue/inst/fifo_gen_inst/inst_fifo_gen/gconvfifo.rf/grf.rf/gntv_or_sync_fifo.gl0.rd/gr1.gr1_int.rfwft/empty_fwft_i_reg) that has an active asychronous set or reset. This may cause corruption of the memory contents and/or read values when the set/reset is asserted and is not analyzed by the default static timing analysis. It is suggested to eliminate the use of a set/reset to registers driving this RAMB pin or else use a synchronous reset in which the assertion of the reset is timed by default.
Related violations: <none>

REQP-1839#18 Warning
RAMB36 async control check  
The RAMB36E1 system_i/TPG/v_tpg/inst/tpgBackground_U0/grp_tpgPatternZonePlate_fu_483/tmp_15_reg_432_reg_0 has an input control pin system_i/TPG/v_tpg/inst/tpgBackground_U0/grp_tpgPatternZonePlate_fu_483/tmp_15_reg_432_reg_0/ADDRARDADDR[14] (net: system_i/TPG/v_tpg/inst/tpgBackground_U0/grp_tpgPatternZonePlate_fu_483/v_tpg_mac_muladd_OgC_U70_n_2) which is driven by a register (system_i/vdma_out_mm2s/axi_mm2s_interconnect/s00_couplers/auto_pc/inst/gen_axi4_axi3.axi3_conv_inst/USE_READ.USE_SPLIT_R.read_addr_inst/USE_R_CHANNEL.cmd_queue/inst/fifo_gen_inst/inst_fifo_gen/gconvfifo.rf/grf.rf/gntv_or_sync_fifo.gl0.wr/gwss.wsts/ram_full_i_reg) that has an active asychronous set or reset. This may cause corruption of the memory contents and/or read values when the set/reset is asserted and is not analyzed by the default static timing analysis. It is suggested to eliminate the use of a set/reset to registers driving this RAMB pin or else use a synchronous reset in which the assertion of the reset is timed by default.
Related violations: <none>

REQP-1839#19 Warning
RAMB36 async control check  
The RAMB36E1 system_i/TPG/v_tpg/inst/tpgBackground_U0/grp_tpgPatternZonePlate_fu_483/tmp_15_reg_432_reg_0 has an input control pin system_i/TPG/v_tpg/inst/tpgBackground_U0/grp_tpgPatternZonePlate_fu_483/tmp_15_reg_432_reg_0/ADDRARDADDR[14] (net: system_i/TPG/v_tpg/inst/tpgBackground_U0/grp_tpgPatternZonePlate_fu_483/v_tpg_mac_muladd_OgC_U70_n_2) which is driven by a register (system_i/vdma_out_mm2s_user/axi_mm2s_interconnect/s00_couplers/auto_pc/inst/gen_axi4_axi3.axi3_conv_inst/USE_READ.USE_SPLIT_R.read_addr_inst/USE_R_CHANNEL.cmd_queue/inst/fifo_gen_inst/inst_fifo_gen/gconvfifo.rf/grf.rf/gntv_or_sync_fifo.gl0.rd/gr1.gr1_int.rfwft/empty_fwft_i_reg) that has an active asychronous set or reset. This may cause corruption of the memory contents and/or read values when the set/reset is asserted and is not analyzed by the default static timing analysis. It is suggested to eliminate the use of a set/reset to registers driving this RAMB pin or else use a synchronous reset in which the assertion of the reset is timed by default.
Related violations: <none>

REQP-1839#20 Warning
RAMB36 async control check  
The RAMB36E1 system_i/TPG/v_tpg/inst/tpgBackground_U0/grp_tpgPatternZonePlate_fu_483/tmp_15_reg_432_reg_0 has an input control pin system_i/TPG/v_tpg/inst/tpgBackground_U0/grp_tpgPatternZonePlate_fu_483/tmp_15_reg_432_reg_0/ADDRARDADDR[14] (net: system_i/TPG/v_tpg/inst/tpgBackground_U0/grp_tpgPatternZonePlate_fu_483/v_tpg_mac_muladd_OgC_U70_n_2) which is driven by a register (system_i/vdma_out_mm2s_user/axi_mm2s_interconnect/s00_couplers/auto_pc/inst/gen_axi4_axi3.axi3_conv_inst/USE_READ.USE_SPLIT_R.read_addr_inst/USE_R_CHANNEL.cmd_queue/inst/fifo_gen_inst/inst_fifo_gen/gconvfifo.rf/grf.rf/gntv_or_sync_fifo.gl0.wr/gwss.wsts/ram_full_i_reg) that has an active asychronous set or reset. This may cause corruption of the memory contents and/or read values when the set/reset is asserted and is not analyzed by the default static timing analysis. It is suggested to eliminate the use of a set/reset to registers driving this RAMB pin or else use a synchronous reset in which the assertion of the reset is timed by default.
Related violations: <none>

REQP-1840#1 Warning
RAMB18 async control check  
The RAMB18E1 system_i/TPG/v_tpg/inst/tpgBackground_U0/grp_tpgPatternZonePlate_fu_483/tmp_15_reg_432_reg_1 has an input control pin system_i/TPG/v_tpg/inst/tpgBackground_U0/grp_tpgPatternZonePlate_fu_483/tmp_15_reg_432_reg_1/ADDRARDADDR[11] (net: system_i/TPG/v_tpg/inst/tpgBackground_U0/grp_tpgPatternZonePlate_fu_483/v_tpg_mac_muladd_OgC_U70_n_4) which is driven by a register (system_i/vdma_in_s2mm/axi_s2mm_interconnect/s00_couplers/auto_pc/inst/gen_axi4_axi3.axi3_conv_inst/USE_WRITE.write_addr_inst/USE_BURSTS.cmd_queue/inst/fifo_gen_inst/inst_fifo_gen/gconvfifo.rf/grf.rf/gntv_or_sync_fifo.gl0.rd/gr1.gr1_int.rfwft/empty_fwft_i_reg) that has an active asychronous set or reset. This may cause corruption of the memory contents and/or read values when the set/reset is asserted and is not analyzed by the default static timing analysis. It is suggested to eliminate the use of a set/reset to registers driving this RAMB pin or else use a synchronous reset in which the assertion of the reset is timed by default.
Related violations: <none>

REQP-1840#2 Warning
RAMB18 async control check  
The RAMB18E1 system_i/TPG/v_tpg/inst/tpgBackground_U0/grp_tpgPatternZonePlate_fu_483/tmp_15_reg_432_reg_1 has an input control pin system_i/TPG/v_tpg/inst/tpgBackground_U0/grp_tpgPatternZonePlate_fu_483/tmp_15_reg_432_reg_1/ADDRARDADDR[11] (net: system_i/TPG/v_tpg/inst/tpgBackground_U0/grp_tpgPatternZonePlate_fu_483/v_tpg_mac_muladd_OgC_U70_n_4) which is driven by a register (system_i/vdma_in_s2mm/axi_s2mm_interconnect/s00_couplers/auto_pc/inst/gen_axi4_axi3.axi3_conv_inst/USE_WRITE.write_addr_inst/USE_BURSTS.cmd_queue/inst/fifo_gen_inst/inst_fifo_gen/gconvfifo.rf/grf.rf/gntv_or_sync_fifo.gl0.wr/gwss.wsts/ram_full_i_reg) that has an active asychronous set or reset. This may cause corruption of the memory contents and/or read values when the set/reset is asserted and is not analyzed by the default static timing analysis. It is suggested to eliminate the use of a set/reset to registers driving this RAMB pin or else use a synchronous reset in which the assertion of the reset is timed by default.
Related violations: <none>

REQP-1840#3 Warning
RAMB18 async control check  
The RAMB18E1 system_i/TPG/v_tpg/inst/tpgBackground_U0/grp_tpgPatternZonePlate_fu_483/tmp_15_reg_432_reg_1 has an input control pin system_i/TPG/v_tpg/inst/tpgBackground_U0/grp_tpgPatternZonePlate_fu_483/tmp_15_reg_432_reg_1/ADDRARDADDR[11] (net: system_i/TPG/v_tpg/inst/tpgBackground_U0/grp_tpgPatternZonePlate_fu_483/v_tpg_mac_muladd_OgC_U70_n_4) which is driven by a register (system_i/vdma_in_s2mm/axi_s2mm_interconnect/s00_couplers/auto_pc/inst/gen_axi4_axi3.axi3_conv_inst/USE_WRITE.write_addr_inst/USE_B_CHANNEL.cmd_b_queue/inst/fifo_gen_inst/inst_fifo_gen/gconvfifo.rf/grf.rf/gntv_or_sync_fifo.gl0.wr/gwss.wsts/ram_full_i_reg) that has an active asychronous set or reset. This may cause corruption of the memory contents and/or read values when the set/reset is asserted and is not analyzed by the default static timing analysis. It is suggested to eliminate the use of a set/reset to registers driving this RAMB pin or else use a synchronous reset in which the assertion of the reset is timed by default.
Related violations: <none>

REQP-1840#4 Warning
RAMB18 async control check  
The RAMB18E1 system_i/TPG/v_tpg/inst/tpgBackground_U0/grp_tpgPatternZonePlate_fu_483/tmp_15_reg_432_reg_1 has an input control pin system_i/TPG/v_tpg/inst/tpgBackground_U0/grp_tpgPatternZonePlate_fu_483/tmp_15_reg_432_reg_1/ADDRARDADDR[11] (net: system_i/TPG/v_tpg/inst/tpgBackground_U0/grp_tpgPatternZonePlate_fu_483/v_tpg_mac_muladd_OgC_U70_n_4) which is driven by a register (system_i/vdma_out_mm2s/axi_mm2s_interconnect/s00_couplers/auto_pc/inst/gen_axi4_axi3.axi3_conv_inst/USE_READ.USE_SPLIT_R.read_addr_inst/USE_R_CHANNEL.cmd_queue/inst/fifo_gen_inst/inst_fifo_gen/gconvfifo.rf/grf.rf/gntv_or_sync_fifo.gl0.rd/gr1.gr1_int.rfwft/empty_fwft_i_reg) that has an active asychronous set or reset. This may cause corruption of the memory contents and/or read values when the set/reset is asserted and is not analyzed by the default static timing analysis. It is suggested to eliminate the use of a set/reset to registers driving this RAMB pin or else use a synchronous reset in which the assertion of the reset is timed by default.
Related violations: <none>

REQP-1840#5 Warning
RAMB18 async control check  
The RAMB18E1 system_i/TPG/v_tpg/inst/tpgBackground_U0/grp_tpgPatternZonePlate_fu_483/tmp_15_reg_432_reg_1 has an input control pin system_i/TPG/v_tpg/inst/tpgBackground_U0/grp_tpgPatternZonePlate_fu_483/tmp_15_reg_432_reg_1/ADDRARDADDR[11] (net: system_i/TPG/v_tpg/inst/tpgBackground_U0/grp_tpgPatternZonePlate_fu_483/v_tpg_mac_muladd_OgC_U70_n_4) which is driven by a register (system_i/vdma_out_mm2s/axi_mm2s_interconnect/s00_couplers/auto_pc/inst/gen_axi4_axi3.axi3_conv_inst/USE_READ.USE_SPLIT_R.read_addr_inst/USE_R_CHANNEL.cmd_queue/inst/fifo_gen_inst/inst_fifo_gen/gconvfifo.rf/grf.rf/gntv_or_sync_fifo.gl0.wr/gwss.wsts/ram_full_i_reg) that has an active asychronous set or reset. This may cause corruption of the memory contents and/or read values when the set/reset is asserted and is not analyzed by the default static timing analysis. It is suggested to eliminate the use of a set/reset to registers driving this RAMB pin or else use a synchronous reset in which the assertion of the reset is timed by default.
Related violations: <none>

REQP-1840#6 Warning
RAMB18 async control check  
The RAMB18E1 system_i/TPG/v_tpg/inst/tpgBackground_U0/grp_tpgPatternZonePlate_fu_483/tmp_15_reg_432_reg_1 has an input control pin system_i/TPG/v_tpg/inst/tpgBackground_U0/grp_tpgPatternZonePlate_fu_483/tmp_15_reg_432_reg_1/ADDRARDADDR[11] (net: system_i/TPG/v_tpg/inst/tpgBackground_U0/grp_tpgPatternZonePlate_fu_483/v_tpg_mac_muladd_OgC_U70_n_4) which is driven by a register (system_i/vdma_out_mm2s_user/axi_mm2s_interconnect/s00_couplers/auto_pc/inst/gen_axi4_axi3.axi3_conv_inst/USE_READ.USE_SPLIT_R.read_addr_inst/USE_R_CHANNEL.cmd_queue/inst/fifo_gen_inst/inst_fifo_gen/gconvfifo.rf/grf.rf/gntv_or_sync_fifo.gl0.rd/gr1.gr1_int.rfwft/empty_fwft_i_reg) that has an active asychronous set or reset. This may cause corruption of the memory contents and/or read values when the set/reset is asserted and is not analyzed by the default static timing analysis. It is suggested to eliminate the use of a set/reset to registers driving this RAMB pin or else use a synchronous reset in which the assertion of the reset is timed by default.
Related violations: <none>

REQP-1840#7 Warning
RAMB18 async control check  
The RAMB18E1 system_i/TPG/v_tpg/inst/tpgBackground_U0/grp_tpgPatternZonePlate_fu_483/tmp_15_reg_432_reg_1 has an input control pin system_i/TPG/v_tpg/inst/tpgBackground_U0/grp_tpgPatternZonePlate_fu_483/tmp_15_reg_432_reg_1/ADDRARDADDR[12] (net: system_i/TPG/v_tpg/inst/tpgBackground_U0/grp_tpgPatternZonePlate_fu_483/v_tpg_mac_muladd_OgC_U70_n_3) which is driven by a register (system_i/vdma_in_s2mm/axi_s2mm_interconnect/s00_couplers/auto_pc/inst/gen_axi4_axi3.axi3_conv_inst/USE_WRITE.write_addr_inst/USE_BURSTS.cmd_queue/inst/fifo_gen_inst/inst_fifo_gen/gconvfifo.rf/grf.rf/gntv_or_sync_fifo.gl0.rd/gr1.gr1_int.rfwft/empty_fwft_i_reg) that has an active asychronous set or reset. This may cause corruption of the memory contents and/or read values when the set/reset is asserted and is not analyzed by the default static timing analysis. It is suggested to eliminate the use of a set/reset to registers driving this RAMB pin or else use a synchronous reset in which the assertion of the reset is timed by default.
Related violations: <none>

REQP-1840#8 Warning
RAMB18 async control check  
The RAMB18E1 system_i/TPG/v_tpg/inst/tpgBackground_U0/grp_tpgPatternZonePlate_fu_483/tmp_15_reg_432_reg_1 has an input control pin system_i/TPG/v_tpg/inst/tpgBackground_U0/grp_tpgPatternZonePlate_fu_483/tmp_15_reg_432_reg_1/ADDRARDADDR[12] (net: system_i/TPG/v_tpg/inst/tpgBackground_U0/grp_tpgPatternZonePlate_fu_483/v_tpg_mac_muladd_OgC_U70_n_3) which is driven by a register (system_i/vdma_in_s2mm/axi_s2mm_interconnect/s00_couplers/auto_pc/inst/gen_axi4_axi3.axi3_conv_inst/USE_WRITE.write_addr_inst/USE_BURSTS.cmd_queue/inst/fifo_gen_inst/inst_fifo_gen/gconvfifo.rf/grf.rf/gntv_or_sync_fifo.gl0.wr/gwss.wsts/ram_full_i_reg) that has an active asychronous set or reset. This may cause corruption of the memory contents and/or read values when the set/reset is asserted and is not analyzed by the default static timing analysis. It is suggested to eliminate the use of a set/reset to registers driving this RAMB pin or else use a synchronous reset in which the assertion of the reset is timed by default.
Related violations: <none>

REQP-1840#9 Warning
RAMB18 async control check  
The RAMB18E1 system_i/TPG/v_tpg/inst/tpgBackground_U0/grp_tpgPatternZonePlate_fu_483/tmp_15_reg_432_reg_1 has an input control pin system_i/TPG/v_tpg/inst/tpgBackground_U0/grp_tpgPatternZonePlate_fu_483/tmp_15_reg_432_reg_1/ADDRARDADDR[12] (net: system_i/TPG/v_tpg/inst/tpgBackground_U0/grp_tpgPatternZonePlate_fu_483/v_tpg_mac_muladd_OgC_U70_n_3) which is driven by a register (system_i/vdma_in_s2mm/axi_s2mm_interconnect/s00_couplers/auto_pc/inst/gen_axi4_axi3.axi3_conv_inst/USE_WRITE.write_addr_inst/USE_B_CHANNEL.cmd_b_queue/inst/fifo_gen_inst/inst_fifo_gen/gconvfifo.rf/grf.rf/gntv_or_sync_fifo.gl0.wr/gwss.wsts/ram_full_i_reg) that has an active asychronous set or reset. This may cause corruption of the memory contents and/or read values when the set/reset is asserted and is not analyzed by the default static timing analysis. It is suggested to eliminate the use of a set/reset to registers driving this RAMB pin or else use a synchronous reset in which the assertion of the reset is timed by default.
Related violations: <none>

REQP-1840#10 Warning
RAMB18 async control check  
The RAMB18E1 system_i/TPG/v_tpg/inst/tpgBackground_U0/grp_tpgPatternZonePlate_fu_483/tmp_15_reg_432_reg_1 has an input control pin system_i/TPG/v_tpg/inst/tpgBackground_U0/grp_tpgPatternZonePlate_fu_483/tmp_15_reg_432_reg_1/ADDRARDADDR[12] (net: system_i/TPG/v_tpg/inst/tpgBackground_U0/grp_tpgPatternZonePlate_fu_483/v_tpg_mac_muladd_OgC_U70_n_3) which is driven by a register (system_i/vdma_out_mm2s/axi_mm2s_interconnect/s00_couplers/auto_pc/inst/gen_axi4_axi3.axi3_conv_inst/USE_READ.USE_SPLIT_R.read_addr_inst/USE_R_CHANNEL.cmd_queue/inst/fifo_gen_inst/inst_fifo_gen/gconvfifo.rf/grf.rf/gntv_or_sync_fifo.gl0.rd/gr1.gr1_int.rfwft/empty_fwft_i_reg) that has an active asychronous set or reset. This may cause corruption of the memory contents and/or read values when the set/reset is asserted and is not analyzed by the default static timing analysis. It is suggested to eliminate the use of a set/reset to registers driving this RAMB pin or else use a synchronous reset in which the assertion of the reset is timed by default.
Related violations: <none>

REQP-1840#11 Warning
RAMB18 async control check  
The RAMB18E1 system_i/TPG/v_tpg/inst/tpgBackground_U0/grp_tpgPatternZonePlate_fu_483/tmp_15_reg_432_reg_1 has an input control pin system_i/TPG/v_tpg/inst/tpgBackground_U0/grp_tpgPatternZonePlate_fu_483/tmp_15_reg_432_reg_1/ADDRARDADDR[12] (net: system_i/TPG/v_tpg/inst/tpgBackground_U0/grp_tpgPatternZonePlate_fu_483/v_tpg_mac_muladd_OgC_U70_n_3) which is driven by a register (system_i/vdma_out_mm2s/axi_mm2s_interconnect/s00_couplers/auto_pc/inst/gen_axi4_axi3.axi3_conv_inst/USE_READ.USE_SPLIT_R.read_addr_inst/USE_R_CHANNEL.cmd_queue/inst/fifo_gen_inst/inst_fifo_gen/gconvfifo.rf/grf.rf/gntv_or_sync_fifo.gl0.wr/gwss.wsts/ram_full_i_reg) that has an active asychronous set or reset. This may cause corruption of the memory contents and/or read values when the set/reset is asserted and is not analyzed by the default static timing analysis. It is suggested to eliminate the use of a set/reset to registers driving this RAMB pin or else use a synchronous reset in which the assertion of the reset is timed by default.
Related violations: <none>

REQP-1840#12 Warning
RAMB18 async control check  
The RAMB18E1 system_i/TPG/v_tpg/inst/tpgBackground_U0/grp_tpgPatternZonePlate_fu_483/tmp_15_reg_432_reg_1 has an input control pin system_i/TPG/v_tpg/inst/tpgBackground_U0/grp_tpgPatternZonePlate_fu_483/tmp_15_reg_432_reg_1/ADDRARDADDR[12] (net: system_i/TPG/v_tpg/inst/tpgBackground_U0/grp_tpgPatternZonePlate_fu_483/v_tpg_mac_muladd_OgC_U70_n_3) which is driven by a register (system_i/vdma_out_mm2s_user/axi_mm2s_interconnect/s00_couplers/auto_pc/inst/gen_axi4_axi3.axi3_conv_inst/USE_READ.USE_SPLIT_R.read_addr_inst/USE_R_CHANNEL.cmd_queue/inst/fifo_gen_inst/inst_fifo_gen/gconvfifo.rf/grf.rf/gntv_or_sync_fifo.gl0.rd/gr1.gr1_int.rfwft/empty_fwft_i_reg) that has an active asychronous set or reset. This may cause corruption of the memory contents and/or read values when the set/reset is asserted and is not analyzed by the default static timing analysis. It is suggested to eliminate the use of a set/reset to registers driving this RAMB pin or else use a synchronous reset in which the assertion of the reset is timed by default.
Related violations: <none>

REQP-1840#13 Warning
RAMB18 async control check  
The RAMB18E1 system_i/TPG/v_tpg/inst/tpgBackground_U0/grp_tpgPatternZonePlate_fu_483/tmp_15_reg_432_reg_1 has an input control pin system_i/TPG/v_tpg/inst/tpgBackground_U0/grp_tpgPatternZonePlate_fu_483/tmp_15_reg_432_reg_1/ADDRARDADDR[12] (net: system_i/TPG/v_tpg/inst/tpgBackground_U0/grp_tpgPatternZonePlate_fu_483/v_tpg_mac_muladd_OgC_U70_n_3) which is driven by a register (system_i/vdma_out_mm2s_user/axi_mm2s_interconnect/s00_couplers/auto_pc/inst/gen_axi4_axi3.axi3_conv_inst/USE_READ.USE_SPLIT_R.read_addr_inst/USE_R_CHANNEL.cmd_queue/inst/fifo_gen_inst/inst_fifo_gen/gconvfifo.rf/grf.rf/gntv_or_sync_fifo.gl0.wr/gwss.wsts/ram_full_i_reg) that has an active asychronous set or reset. This may cause corruption of the memory contents and/or read values when the set/reset is asserted and is not analyzed by the default static timing analysis. It is suggested to eliminate the use of a set/reset to registers driving this RAMB pin or else use a synchronous reset in which the assertion of the reset is timed by default.
Related violations: <none>

REQP-1840#14 Warning
RAMB18 async control check  
The RAMB18E1 system_i/TPG/v_tpg/inst/tpgBackground_U0/grp_tpgPatternZonePlate_fu_483/tmp_15_reg_432_reg_1 has an input control pin system_i/TPG/v_tpg/inst/tpgBackground_U0/grp_tpgPatternZonePlate_fu_483/tmp_15_reg_432_reg_1/ADDRARDADDR[13] (net: system_i/TPG/v_tpg/inst/tpgBackground_U0/grp_tpgPatternZonePlate_fu_483/v_tpg_mac_muladd_OgC_U70_n_2) which is driven by a register (system_i/vdma_in_s2mm/axi_s2mm_interconnect/s00_couplers/auto_pc/inst/gen_axi4_axi3.axi3_conv_inst/USE_WRITE.write_addr_inst/USE_BURSTS.cmd_queue/inst/fifo_gen_inst/inst_fifo_gen/gconvfifo.rf/grf.rf/gntv_or_sync_fifo.gl0.rd/gr1.gr1_int.rfwft/empty_fwft_i_reg) that has an active asychronous set or reset. This may cause corruption of the memory contents and/or read values when the set/reset is asserted and is not analyzed by the default static timing analysis. It is suggested to eliminate the use of a set/reset to registers driving this RAMB pin or else use a synchronous reset in which the assertion of the reset is timed by default.
Related violations: <none>

REQP-1840#15 Warning
RAMB18 async control check  
The RAMB18E1 system_i/TPG/v_tpg/inst/tpgBackground_U0/grp_tpgPatternZonePlate_fu_483/tmp_15_reg_432_reg_1 has an input control pin system_i/TPG/v_tpg/inst/tpgBackground_U0/grp_tpgPatternZonePlate_fu_483/tmp_15_reg_432_reg_1/ADDRARDADDR[13] (net: system_i/TPG/v_tpg/inst/tpgBackground_U0/grp_tpgPatternZonePlate_fu_483/v_tpg_mac_muladd_OgC_U70_n_2) which is driven by a register (system_i/vdma_in_s2mm/axi_s2mm_interconnect/s00_couplers/auto_pc/inst/gen_axi4_axi3.axi3_conv_inst/USE_WRITE.write_addr_inst/USE_BURSTS.cmd_queue/inst/fifo_gen_inst/inst_fifo_gen/gconvfifo.rf/grf.rf/gntv_or_sync_fifo.gl0.wr/gwss.wsts/ram_full_i_reg) that has an active asychronous set or reset. This may cause corruption of the memory contents and/or read values when the set/reset is asserted and is not analyzed by the default static timing analysis. It is suggested to eliminate the use of a set/reset to registers driving this RAMB pin or else use a synchronous reset in which the assertion of the reset is timed by default.
Related violations: <none>

REQP-1840#16 Warning
RAMB18 async control check  
The RAMB18E1 system_i/TPG/v_tpg/inst/tpgBackground_U0/grp_tpgPatternZonePlate_fu_483/tmp_15_reg_432_reg_1 has an input control pin system_i/TPG/v_tpg/inst/tpgBackground_U0/grp_tpgPatternZonePlate_fu_483/tmp_15_reg_432_reg_1/ADDRARDADDR[13] (net: system_i/TPG/v_tpg/inst/tpgBackground_U0/grp_tpgPatternZonePlate_fu_483/v_tpg_mac_muladd_OgC_U70_n_2) which is driven by a register (system_i/vdma_in_s2mm/axi_s2mm_interconnect/s00_couplers/auto_pc/inst/gen_axi4_axi3.axi3_conv_inst/USE_WRITE.write_addr_inst/USE_B_CHANNEL.cmd_b_queue/inst/fifo_gen_inst/inst_fifo_gen/gconvfifo.rf/grf.rf/gntv_or_sync_fifo.gl0.wr/gwss.wsts/ram_full_i_reg) that has an active asychronous set or reset. This may cause corruption of the memory contents and/or read values when the set/reset is asserted and is not analyzed by the default static timing analysis. It is suggested to eliminate the use of a set/reset to registers driving this RAMB pin or else use a synchronous reset in which the assertion of the reset is timed by default.
Related violations: <none>

REQP-1840#17 Warning
RAMB18 async control check  
The RAMB18E1 system_i/TPG/v_tpg/inst/tpgBackground_U0/grp_tpgPatternZonePlate_fu_483/tmp_15_reg_432_reg_1 has an input control pin system_i/TPG/v_tpg/inst/tpgBackground_U0/grp_tpgPatternZonePlate_fu_483/tmp_15_reg_432_reg_1/ADDRARDADDR[13] (net: system_i/TPG/v_tpg/inst/tpgBackground_U0/grp_tpgPatternZonePlate_fu_483/v_tpg_mac_muladd_OgC_U70_n_2) which is driven by a register (system_i/vdma_out_mm2s/axi_mm2s_interconnect/s00_couplers/auto_pc/inst/gen_axi4_axi3.axi3_conv_inst/USE_READ.USE_SPLIT_R.read_addr_inst/USE_R_CHANNEL.cmd_queue/inst/fifo_gen_inst/inst_fifo_gen/gconvfifo.rf/grf.rf/gntv_or_sync_fifo.gl0.rd/gr1.gr1_int.rfwft/empty_fwft_i_reg) that has an active asychronous set or reset. This may cause corruption of the memory contents and/or read values when the set/reset is asserted and is not analyzed by the default static timing analysis. It is suggested to eliminate the use of a set/reset to registers driving this RAMB pin or else use a synchronous reset in which the assertion of the reset is timed by default.
Related violations: <none>

REQP-1840#18 Warning
RAMB18 async control check  
The RAMB18E1 system_i/TPG/v_tpg/inst/tpgBackground_U0/grp_tpgPatternZonePlate_fu_483/tmp_15_reg_432_reg_1 has an input control pin system_i/TPG/v_tpg/inst/tpgBackground_U0/grp_tpgPatternZonePlate_fu_483/tmp_15_reg_432_reg_1/ADDRARDADDR[13] (net: system_i/TPG/v_tpg/inst/tpgBackground_U0/grp_tpgPatternZonePlate_fu_483/v_tpg_mac_muladd_OgC_U70_n_2) which is driven by a register (system_i/vdma_out_mm2s/axi_mm2s_interconnect/s00_couplers/auto_pc/inst/gen_axi4_axi3.axi3_conv_inst/USE_READ.USE_SPLIT_R.read_addr_inst/USE_R_CHANNEL.cmd_queue/inst/fifo_gen_inst/inst_fifo_gen/gconvfifo.rf/grf.rf/gntv_or_sync_fifo.gl0.wr/gwss.wsts/ram_full_i_reg) that has an active asychronous set or reset. This may cause corruption of the memory contents and/or read values when the set/reset is asserted and is not analyzed by the default static timing analysis. It is suggested to eliminate the use of a set/reset to registers driving this RAMB pin or else use a synchronous reset in which the assertion of the reset is timed by default.
Related violations: <none>

REQP-1840#19 Warning
RAMB18 async control check  
The RAMB18E1 system_i/TPG/v_tpg/inst/tpgBackground_U0/grp_tpgPatternZonePlate_fu_483/tmp_15_reg_432_reg_1 has an input control pin system_i/TPG/v_tpg/inst/tpgBackground_U0/grp_tpgPatternZonePlate_fu_483/tmp_15_reg_432_reg_1/ADDRARDADDR[13] (net: system_i/TPG/v_tpg/inst/tpgBackground_U0/grp_tpgPatternZonePlate_fu_483/v_tpg_mac_muladd_OgC_U70_n_2) which is driven by a register (system_i/vdma_out_mm2s_user/axi_mm2s_interconnect/s00_couplers/auto_pc/inst/gen_axi4_axi3.axi3_conv_inst/USE_READ.USE_SPLIT_R.read_addr_inst/USE_R_CHANNEL.cmd_queue/inst/fifo_gen_inst/inst_fifo_gen/gconvfifo.rf/grf.rf/gntv_or_sync_fifo.gl0.rd/gr1.gr1_int.rfwft/empty_fwft_i_reg) that has an active asychronous set or reset. This may cause corruption of the memory contents and/or read values when the set/reset is asserted and is not analyzed by the default static timing analysis. It is suggested to eliminate the use of a set/reset to registers driving this RAMB pin or else use a synchronous reset in which the assertion of the reset is timed by default.
Related violations: <none>

REQP-1840#20 Warning
RAMB18 async control check  
The RAMB18E1 system_i/TPG/v_tpg/inst/tpgBackground_U0/grp_tpgPatternZonePlate_fu_483/tmp_15_reg_432_reg_1 has an input control pin system_i/TPG/v_tpg/inst/tpgBackground_U0/grp_tpgPatternZonePlate_fu_483/tmp_15_reg_432_reg_1/ADDRARDADDR[13] (net: system_i/TPG/v_tpg/inst/tpgBackground_U0/grp_tpgPatternZonePlate_fu_483/v_tpg_mac_muladd_OgC_U70_n_2) which is driven by a register (system_i/vdma_out_mm2s_user/axi_mm2s_interconnect/s00_couplers/auto_pc/inst/gen_axi4_axi3.axi3_conv_inst/USE_READ.USE_SPLIT_R.read_addr_inst/USE_R_CHANNEL.cmd_queue/inst/fifo_gen_inst/inst_fifo_gen/gconvfifo.rf/grf.rf/gntv_or_sync_fifo.gl0.wr/gwss.wsts/ram_full_i_reg) that has an active asychronous set or reset. This may cause corruption of the memory contents and/or read values when the set/reset is asserted and is not analyzed by the default static timing analysis. It is suggested to eliminate the use of a set/reset to registers driving this RAMB pin or else use a synchronous reset in which the assertion of the reset is timed by default.
Related violations: <none>

RTSTAT-10#1 Warning
No routable loads  
69 net(s) have no routable loads. The problem bus(es) and/or net(s) are dbg_hub/inst/BSCANID.u_xsdbm_id/CORE_XSDB.UUT_MASTER/U_ICON_INTERFACE/U_CMD6_RD/U_RD_FIFO/SUBCORE_FIFO.xsdbm_v3_0_0_rdfifo_inst/inst_fifo_gen/gconvfifo.rf/grf.rf/gntv_or_sync_fifo.gl0.rd/gr1.gr1_int.rfwft/aempty_fwft_i, system_i/vdma_out_mm2s_user/axi_mm2s_interconnect/s00_couplers/auto_pc/inst/gen_axi4_axi3.axi3_conv_inst/USE_READ.USE_SPLIT_R.read_addr_inst/USE_R_CHANNEL.cmd_queue/inst/fifo_gen_inst/inst_fifo_gen/gconvfifo.rf/grf.rf/gntv_or_sync_fifo.gl0.rd/gr1.gr1_int.rfwft/aempty_fwft_i, system_i/vdma_in_s2mm/axi_s2mm_interconnect/s00_couplers/auto_pc/inst/gen_axi4_axi3.axi3_conv_inst/USE_WRITE.write_addr_inst/USE_BURSTS.cmd_queue/inst/fifo_gen_inst/inst_fifo_gen/gconvfifo.rf/grf.rf/gntv_or_sync_fifo.gl0.rd/gr1.gr1_int.rfwft/aempty_fwft_i, system_i/vdma_out_mm2s/axi_mm2s_interconnect/s00_couplers/auto_pc/inst/gen_axi4_axi3.axi3_conv_inst/USE_READ.USE_SPLIT_R.read_addr_inst/USE_R_CHANNEL.cmd_queue/inst/fifo_gen_inst/inst_fifo_gen/gconvfifo.rf/grf.rf/gntv_or_sync_fifo.gl0.rd/gr1.gr1_int.rfwft/aempty_fwft_i, system_i/vdma_in_s2mm/axi_s2mm_interconnect/s00_couplers/auto_pc/inst/gen_axi4_axi3.axi3_conv_inst/USE_WRITE.write_addr_inst/USE_B_CHANNEL.cmd_b_queue/inst/fifo_gen_inst/inst_fifo_gen/gconvfifo.rf/grf.rf/gntv_or_sync_fifo.gl0.rd/gr1.gr1_int.rfwft/aempty_fwft_i, dbg_hub/inst/BSCANID.u_xsdbm_id/CORE_XSDB.UUT_MASTER/U_ICON_INTERFACE/U_CMD7_CTL/ctl_reg[2:0], dbg_hub/inst/BSCANID.u_xsdbm_id/CORE_XSDB.UUT_MASTER/U_ICON_INTERFACE/U_CMD1/ctl_reg_en_2[1], dbg_hub/inst/BSCANID.u_xsdbm_id/CORE_XSDB.UUT_MASTER/U_ICON_INTERFACE/U_CMD7_CTL/ctl_reg_en_2[1], dbg_hub/inst/BSCANID.u_xsdbm_id/SWITCH_N_EXT_BSCAN.bscan_switch/m_bscan_capture[0], dbg_hub/inst/BSCANID.u_xsdbm_id/SWITCH_N_EXT_BSCAN.bscan_switch/m_bscan_drck[0], dbg_hub/inst/BSCANID.u_xsdbm_id/SWITCH_N_EXT_BSCAN.bscan_switch/m_bscan_runtest[0], dbg_hub/inst/BSCANID.u_xsdbm_id/CORE_XSDB.UUT_MASTER/U_ICON_INTERFACE/U_CMD6_WR/U_WR_FIFO/SUBCORE_FIFO.xsdbm_v3_0_0_wrfifo_inst/inst_fifo_gen/gconvfifo.rf/grf.rf/gntv_or_sync_fifo.gl0.wr/gwhf.whf/overflow, dbg_hub/inst/BSCANID.u_xsdbm_id/CORE_XSDB.UUT_MASTER/U_ICON_INTERFACE/U_CMD6_RD/U_RD_FIFO/SUBCORE_FIFO.xsdbm_v3_0_0_rdfifo_inst/inst_fifo_gen/gconvfifo.rf/grf.rf/gntv_or_sync_fifo.gl0.wr/gwhf.whf/overflow, system_i/vdma_in_s2mm/axi_s2mm_interconnect/s00_couplers/auto_pc/inst/gen_axi4_axi3.axi3_conv_inst/USE_WRITE.write_addr_inst/USE_B_CHANNEL.cmd_b_queue/inst/fifo_gen_inst/inst_fifo_gen/gconvfifo.rf/grf.rf/gntv_or_sync_fifo.gl0.wr/gwss.wsts/ram_afull_fb, system_i/vdma_out_mm2s_user/axi_mm2s_interconnect/s00_couplers/auto_pc/inst/gen_axi4_axi3.axi3_conv_inst/USE_READ.USE_SPLIT_R.read_addr_inst/USE_R_CHANNEL.cmd_queue/inst/fifo_gen_inst/inst_fifo_gen/gconvfifo.rf/grf.rf/gntv_or_sync_fifo.gl0.wr/gwss.wsts/ram_afull_fb (the first 15 of 67 listed).
Related violations: <none>

REQP-181#1 Advisory
writefirst  
Synchronous clocking is detected for BRAM (system_i/vdma_in_s2mm/axi_vdma_s2mm/U0/I_PRMRY_DATAMOVER/GEN_S2MM_FULL.I_S2MM_FULL_WRAPPER/GEN_ENABLE_INDET_BTT_SF.I_INDET_BTT/I_DATA_FIFO/BLK_MEM.I_SYNC_FIFOGEN_FIFO/xpm_fifo_instance.xpm_fifo_sync_inst/xpm_fifo_base_inst/gen_sdpram.xpm_memory_base_inst/gen_wr_a.gen_word_narrow.mem_reg) in SDP mode with WRITE_FIRST write-mode. This is the preferred mode for best power characteristics, however it may exhibit address collisions if the same address appears on both read and write ports resulting in unknown or corrupted read data. It is suggested to confirm via simulation that an address collision never occurs and if so it is suggested to try and avoid this situation. If address collisions cannot be avoided, the write-mode may be set to READ_FIRST which guarantees that the read data is the prior contents of the memory at the cost of additional power in the design. See the FPGA Memory Resources User Guide for additional information.
Related violations: <none>

REQP-181#2 Advisory
writefirst  
Synchronous clocking is detected for BRAM (system_i/vdma_out_mm2s/axi_vdma_mm2s/U0/I_PRMRY_DATAMOVER/GEN_MM2S_FULL.I_MM2S_FULL_WRAPPER/GEN_INCLUDE_MM2S_SF.I_RD_SF/I_DATA_FIFO/BLK_MEM.I_SYNC_FIFOGEN_FIFO/xpm_fifo_instance.xpm_fifo_sync_inst/xpm_fifo_base_inst/gen_sdpram.xpm_memory_base_inst/gen_wr_a.gen_word_narrow.mem_reg) in SDP mode with WRITE_FIRST write-mode. This is the preferred mode for best power characteristics, however it may exhibit address collisions if the same address appears on both read and write ports resulting in unknown or corrupted read data. It is suggested to confirm via simulation that an address collision never occurs and if so it is suggested to try and avoid this situation. If address collisions cannot be avoided, the write-mode may be set to READ_FIRST which guarantees that the read data is the prior contents of the memory at the cost of additional power in the design. See the FPGA Memory Resources User Guide for additional information.
Related violations: <none>

REQP-181#3 Advisory
writefirst  
Synchronous clocking is detected for BRAM (system_i/vdma_out_mm2s_user/axi_vdma_mm2s/U0/I_PRMRY_DATAMOVER/GEN_MM2S_FULL.I_MM2S_FULL_WRAPPER/GEN_INCLUDE_MM2S_SF.I_RD_SF/I_DATA_FIFO/BLK_MEM.I_SYNC_FIFOGEN_FIFO/xpm_fifo_instance.xpm_fifo_sync_inst/xpm_fifo_base_inst/gen_sdpram.xpm_memory_base_inst/gen_wr_a.gen_word_narrow.mem_reg) in SDP mode with WRITE_FIRST write-mode. This is the preferred mode for best power characteristics, however it may exhibit address collisions if the same address appears on both read and write ports resulting in unknown or corrupted read data. It is suggested to confirm via simulation that an address collision never occurs and if so it is suggested to try and avoid this situation. If address collisions cannot be avoided, the write-mode may be set to READ_FIRST which guarantees that the read data is the prior contents of the memory at the cost of additional power in the design. See the FPGA Memory Resources User Guide for additional information.
Related violations: <none>


